2024-10-29 07:30:38,735 - INFO - WelcomeCog has been added to the bot.
2024-10-29 07:32:41,073 - INFO - Sent welcome DM to hlngdj_67608.
2024-10-29 18:45:19,516 - INFO - Sent welcome DM to dronepigeon.
2024-10-30 10:10:13,926 - INFO - Sent welcome DM to terraneeb.
2024-10-30 11:38:06,008 - INFO - WelcomeCog has been added to the bot.
2024-10-30 11:42:18,357 - INFO - WelcomeCog has been added to the bot.
2024-10-30 11:46:02,339 - INFO - WelcomeCog has been added to the bot.
2024-10-30 11:57:10,653 - INFO - WelcomeCog has been added to the bot.
2024-10-30 19:09:25,920 - INFO - WelcomeCog has been added to the bot.
2024-10-30 19:10:55,955 - INFO - WelcomeCog has been added to the bot.
2024-10-30 20:30:46,670 - INFO - Sent welcome DM to lilithslightbearerlucifer.
2024-11-01 17:43:02,854 - INFO - WelcomeCog has been added to the bot.
2024-11-01 17:45:39,823 - INFO - WelcomeCog has been added to the bot.
2024-11-01 17:48:52,562 - INFO - WelcomeCog has been added to the bot.
2024-11-01 17:58:55,719 - INFO - WelcomeCog has been added to the bot.
2024-11-01 18:04:42,659 - INFO - WelcomeCog has been added to the bot.
2024-11-01 18:06:17,793 - INFO - WelcomeCog has been added to the bot.
2024-11-01 18:08:17,786 - INFO - WelcomeCog has been added to the bot.
2024-11-01 18:28:40,392 - INFO - WelcomeCog has been added to the bot.
2024-11-01 18:40:31,264 - INFO - WelcomeCog has been added to the bot.
2024-11-01 18:42:01,283 - INFO - WelcomeCog has been added to the bot.
2024-11-02 16:35:40,863 - INFO - WelcomeCog has been added to the bot.
2024-11-02 16:40:30,020 - INFO - WelcomeCog has been added to the bot.
2024-11-02 16:44:19,922 - INFO - WelcomeCog has been added to the bot.
2024-11-02 16:53:47,455 - INFO - WelcomeCog has been added to the bot.
2024-11-02 16:58:25,372 - INFO - WelcomeCog has been added to the bot.
2024-11-02 17:03:29,525 - INFO - WelcomeCog has been added to the bot.
2024-11-02 17:10:29,863 - INFO - WelcomeCog has been added to the bot.
2024-11-02 17:18:19,773 - INFO - WelcomeCog has been added to the bot.
2024-11-02 17:25:40,484 - INFO - WelcomeCog has been added to the bot.
2024-11-02 17:38:33,444 - INFO - WelcomeCog has been added to the bot.
2024-11-02 17:49:22,288 - INFO - WelcomeCog has been added to the bot.
2024-11-02 17:51:50,043 - INFO - WelcomeCog has been added to the bot.
2024-11-02 17:55:53,001 - INFO - WelcomeCog has been added to the bot.
2024-11-02 18:37:53,337 - INFO - Sent welcome DM to sadpluslonely.
2024-11-03 16:21:21,052 - INFO - WelcomeCog has been added to the bot.
2024-11-03 16:36:12,828 - INFO - WelcomeCog has been added to the bot.
2024-11-03 16:44:15,594 - INFO - WelcomeCog has been added to the bot.
2024-11-03 16:49:20,256 - INFO - WelcomeCog has been added to the bot.
2024-11-03 17:04:05,987 - INFO - WelcomeCog has been added to the bot.
2024-11-03 17:40:52,531 - INFO - WelcomeCog has been added to the bot.
2024-11-03 17:49:51,682 - INFO - WelcomeCog has been added to the bot.
2024-11-04 07:04:21,105 - INFO - WelcomeCog has been added to the bot.
2024-11-04 07:31:31,601 - INFO - WelcomeCog has been added to the bot.
2024-11-04 08:00:02,205 - INFO - WelcomeCog has been added to the bot.
2024-11-04 08:55:16,491 - INFO - WelcomeCog has been added to the bot.
2024-11-04 09:22:34,662 - INFO - WelcomeCog has been added to the bot.
2024-11-04 10:08:54,906 - INFO - WelcomeCog has been added to the bot.
2024-11-04 11:22:22,531 - INFO - WelcomeCog has been added to the bot.
2024-11-05 07:05:19,844 - INFO - WelcomeCog has been added to the bot.
2024-11-07 07:12:51,454 - INFO - WelcomeCog has been added to the bot.
2024-11-07 11:05:03,072 - INFO - Sent welcome DM to ax3888.
2024-11-07 19:56:33,462 - INFO - Sent welcome DM to alt_2800.
2024-11-07 19:59:42,927 - INFO - Sent welcome DM to durnk.
2024-11-08 08:43:02,403 - INFO - WelcomeCog has been added to the bot.
2024-11-08 08:45:11,803 - INFO - WelcomeCog has been added to the bot.
2024-11-08 08:48:47,834 - INFO - WelcomeCog has been added to the bot.
2024-11-08 08:55:37,825 - INFO - WelcomeCog has been added to the bot.
2024-11-08 08:57:41,777 - INFO - WelcomeCog has been added to the bot.
2024-11-08 09:08:27,299 - INFO - WelcomeCog has been added to the bot.
2024-11-08 09:22:14,076 - INFO - WelcomeCog has been added to the bot.
2024-11-08 09:23:44,089 - INFO - WelcomeCog has been added to the bot.
2024-11-08 09:27:01,117 - INFO - WelcomeCog has been added to the bot.
2024-11-08 09:53:30,371 - INFO - WelcomeCog has been added to the bot.
2024-11-08 19:50:27,751 - INFO - Sent welcome DM to purpleninjasmoke.
2024-11-09 06:49:36,504 - INFO - Sent welcome DM to thepeopleschoice.
2024-11-10 08:59:20,500 - INFO - Sent welcome DM to diesel_10141.
2024-11-10 09:33:44,996 - INFO - Sent welcome DM to diesel0618.
2024-11-14 09:57:35,900 - INFO - Sent welcome DM to hollesan.
2024-11-15 10:13:08,489 - INFO - Sent welcome DM to puertorecon.
2024-11-15 12:27:04,508 - INFO - Sent welcome DM to stayzero_actual.
2024-11-15 15:34:09,336 - INFO - WelcomeCog has been added to the bot.
2024-11-15 15:58:01,004 - INFO - WelcomeCog has been added to the bot.
2024-11-15 16:11:35,375 - INFO - WelcomeCog has been added to the bot.
2024-11-16 00:15:49,705 - INFO - Sent welcome DM to fragment670.
2024-11-16 00:45:03,420 - INFO - WelcomeCog has been added to the bot.
2024-11-16 00:46:43,214 - INFO - Sent welcome DM to hlngdj_67608.
2024-11-16 00:54:58,681 - INFO - WelcomeCog has been added to the bot.
2024-11-16 01:11:51,955 - INFO - WelcomeCog has been added to the bot.
2024-11-16 01:41:06,409 - INFO - WelcomeCog has been added to the bot.
2024-11-16 06:23:31,813 - INFO - Sent welcome DM to soep1.
2024-11-16 10:32:39,882 - INFO - Sent welcome DM to blinkz125.
2024-11-16 19:35:21,154 - INFO - Sent welcome DM to altezrael224.
2024-11-16 19:38:33,891 - INFO - Sent welcome DM to furtivepigmyeasilyforgotten.
2024-11-16 20:32:22,571 - INFO - Sent welcome DM to jezrien1911.
2024-11-16 22:38:04,071 - INFO - WelcomeCog has been added to the bot.
2024-11-16 22:41:12,168 - INFO - WelcomeCog has been added to the bot.
2024-11-16 22:45:16,660 - INFO - WelcomeCog has been added to the bot.
2024-11-16 22:48:28,169 - INFO - WelcomeCog has been added to the bot.
2024-11-16 22:50:04,598 - INFO - WelcomeCog has been added to the bot.
2024-11-16 22:58:01,077 - INFO - WelcomeCog has been added to the bot.
2024-11-17 10:36:56,469 - INFO - Sent welcome DM to aphid22.
2024-11-17 15:42:13,433 - INFO - Sent welcome DM to winz007.
2024-11-18 02:44:35,941 - INFO - Sent welcome DM to caydenpenner.
2024-11-18 06:42:13,133 - INFO - WelcomeCog has been added to the bot.
2024-11-18 06:50:07,963 - INFO - WelcomeCog has been added to the bot.
2024-11-18 07:00:16,752 - INFO - WelcomeCog has been added to the bot.
2024-11-18 07:17:52,903 - INFO - WelcomeCog has been added to the bot.
2024-11-19 20:58:17,176 - INFO - WelcomeCog has been added to the bot.
2024-11-20 20:06:32,062 - INFO - Sent welcome DM to whatisabingus.
2024-11-21 23:55:21,903 - INFO - Sent welcome DM to novacatz.
2024-11-22 09:38:27,502 - INFO - WelcomeCog has been added to the bot.
2024-11-22 09:41:19,255 - INFO - WelcomeCog has been added to the bot.
2024-11-22 09:53:36,616 - INFO - WelcomeCog has been added to the bot.
2024-11-22 10:05:02,996 - INFO - WelcomeCog has been added to the bot.
2024-11-22 10:13:56,399 - INFO - WelcomeCog has been added to the bot.
2024-11-22 10:16:19,347 - INFO - WelcomeCog has been added to the bot.
2024-11-22 10:23:27,036 - INFO - WelcomeCog has been added to the bot.
2024-11-22 10:26:03,286 - INFO - WelcomeCog has been added to the bot.
2024-11-22 13:04:34,697 - INFO - WelcomeCog has been added to the bot.
2024-11-22 13:05:27,468 - INFO - WelcomeCog has been added to the bot.
2024-11-22 13:17:59,529 - INFO - WelcomeCog has been added to the bot.
2024-11-22 13:31:36,142 - INFO - WelcomeCog has been added to the bot.
2024-11-22 13:33:13,514 - INFO - WelcomeCog has been added to the bot.
2024-11-22 13:38:40,563 - INFO - WelcomeCog has been added to the bot.
2024-11-22 13:39:41,354 - INFO - WelcomeCog has been added to the bot.
2024-11-22 13:53:01,046 - INFO - WelcomeCog has been added to the bot.
2024-11-22 14:07:58,786 - INFO - WelcomeCog has been added to the bot.
2024-11-22 14:28:22,007 - INFO - WelcomeCog has been added to the bot.
2024-11-22 14:33:40,244 - INFO - WelcomeCog has been added to the bot.
2024-11-22 14:37:04,652 - INFO - WelcomeCog has been added to the bot.
2024-11-22 14:41:35,807 - INFO - WelcomeCog has been added to the bot.
2024-11-22 14:42:26,097 - INFO - WelcomeCog has been added to the bot.
2024-11-22 14:58:39,394 - INFO - WelcomeCog has been added to the bot.
2024-11-22 14:59:37,409 - INFO - WelcomeCog has been added to the bot.
2024-11-22 14:59:58,704 - INFO - WelcomeCog has been added to the bot.
2024-11-22 15:01:37,336 - INFO - WelcomeCog has been added to the bot.
2024-11-22 15:04:13,492 - INFO - WelcomeCog has been added to the bot.
2024-11-22 15:10:03,416 - INFO - WelcomeCog has been added to the bot.
2024-11-22 15:25:45,529 - INFO - WelcomeCog has been added to the bot.
2024-11-22 15:37:48,404 - INFO - WelcomeCog has been added to the bot.
2024-11-22 15:43:57,817 - INFO - WelcomeCog has been added to the bot.
2024-11-22 15:44:55,389 - INFO - WelcomeCog has been added to the bot.
2024-11-22 15:51:27,180 - INFO - WelcomeCog has been added to the bot.
2024-11-22 15:58:37,055 - INFO - WelcomeCog has been added to the bot.
2024-11-22 16:05:15,596 - INFO - WelcomeCog has been added to the bot.
2024-11-22 16:59:21,598 - INFO - WelcomeCog has been added to the bot.
2024-11-22 17:00:36,710 - INFO - WelcomeCog has been added to the bot.
2024-11-22 17:01:12,317 - INFO - WelcomeCog has been added to the bot.
2024-11-22 17:01:51,309 - INFO - WelcomeCog has been added to the bot.
2024-11-23 13:54:54,895 - INFO - Sent welcome DM to serenity_actual.
2024-11-23 14:17:33,659 - INFO - WelcomeCog has been added to the bot.
2024-11-24 20:23:39,352 - INFO - Sent welcome DM to averageclussyenjoyer.
2024-11-25 06:42:52,615 - INFO - WelcomeCog has been added to the bot.
2024-11-25 10:52:32,593 - INFO - WelcomeCog has been added to the bot.
2024-11-25 10:53:55,557 - INFO - WelcomeCog has been added to the bot.
2024-11-25 11:00:51,174 - INFO - Sent welcome DM to hlngdj_67608.
2024-11-25 11:08:17,962 - INFO - WelcomeCog has been added to the bot.
2024-11-25 11:09:09,700 - INFO - Sent welcome DM to hlngdj_67608.
2024-11-25 11:10:55,972 - INFO - WelcomeCog has been added to the bot.
2024-11-25 11:12:08,050 - INFO - Sent welcome DM to hlngdj_67608.
2024-11-25 11:46:22,001 - INFO - WelcomeCog has been added to the bot.
2024-11-25 11:48:06,577 - INFO - Sent welcome DM to hlngdj_67608.
2024-11-25 11:53:09,677 - INFO - WelcomeCog has been added to the bot.
2024-11-25 11:54:05,653 - INFO - Sent welcome DM to hlngdj_67608.
2024-11-25 11:54:15,941 - INFO - Displayed OnboardingSurveyModal to user hlngdj_67608 with row_id i-joc24W2vKx.
2024-11-25 12:50:18,495 - INFO - WelcomeCog has been added to the bot.
2024-11-25 12:50:55,004 - INFO - Sent welcome DM to hlngdj_67608.
2024-11-25 12:51:55,873 - INFO - WelcomeCog has been added to the bot.
2024-11-25 12:52:31,024 - INFO - Sent welcome DM to hlngdj_67608.
2024-11-25 13:27:14,695 - INFO - WelcomeCog has been added to the bot.
2024-11-25 13:33:50,688 - INFO - WelcomeCog has been added to the bot.
2024-11-25 13:34:26,817 - INFO - Sent welcome DM to hlngdj_67608.
2024-11-25 13:49:08,317 - INFO - WelcomeCog has been added to the bot.
2024-11-25 13:52:17,784 - INFO - Sent welcome DM to hlngdj_67608.
2024-11-25 13:52:23,943 - ERROR - Failed to retrieve or create Coda.io row for user hlngdj_67608.
2024-11-25 13:57:34,406 - INFO - WelcomeCog has been added to the bot.
2024-11-25 13:57:57,470 - INFO - Sent welcome DM to hlngdj_67608.
2024-11-25 14:18:12,122 - INFO - WelcomeCog has been added to the bot.
2024-11-25 14:21:21,939 - INFO - Sent welcome DM to hlngdj_67608.
2024-11-25 14:21:33,269 - INFO - 'Member' button clicked by hlngdj_67608.
2024-11-25 14:22:10,466 - ERROR - Failed to retrieve or create Coda.io row for user hlngdj_67608.
2024-11-25 14:48:07,476 - INFO - WelcomeCog has been added to the bot.
2024-11-25 14:49:45,516 - INFO - Sent welcome DM to hlngdj_67608.
2024-11-25 14:49:49,575 - INFO - 'Member' button clicked by hlngdj_67608.
2024-11-25 14:50:22,958 - ERROR - Failed to retrieve or create Coda.io row for user hlngdj_67608.
2024-11-25 15:00:27,943 - INFO - WelcomeCog has been added to the bot.
2024-11-25 15:32:22,402 - INFO - WelcomeCog has been added to the bot.
2024-11-26 06:46:39,260 - INFO - WelcomeCog has been added to the bot.
2024-11-26 06:48:06,576 - INFO - Sent welcome DM to hlngdj_67608.
2024-11-26 06:48:13,730 - INFO - 'Member' button clicked by hlngdj_67608.
2024-11-26 06:48:45,992 - ERROR - Failed to retrieve or create Coda.io row for user hlngdj_67608.
2024-11-26 06:54:49,711 - INFO - WelcomeCog has been added to the bot.
2024-11-26 06:56:36,835 - INFO - Sent welcome DM to hlngdj_67608.
2024-11-26 06:57:38,175 - INFO - 'Member' button clicked by hlngdj_67608.
2024-11-26 06:58:11,289 - ERROR - Failed to retrieve or create Coda.io row for user hlngdj_67608.
2024-11-26 07:01:04,430 - INFO - WelcomeCog has been added to the bot.
2024-11-26 07:01:39,221 - INFO - Sent welcome DM to hlngdj_67608.
2024-11-26 07:01:48,594 - INFO - 'Member' button clicked by hlngdj_67608.
2024-11-26 07:01:48,764 - ERROR - Error during member onboarding for hlngdj_67608: 'OnboardingCog' object has no attribute 'get_or_create_row_id'
2024-11-26 07:05:03,002 - INFO - WelcomeCog has been added to the bot.
2024-11-26 07:05:29,549 - INFO - Sent welcome DM to hlngdj_67608.
2024-11-26 07:05:42,931 - INFO - 'Member' button clicked by hlngdj_67608.
2024-11-26 07:05:43,468 - ERROR - OnboardingCog not found.
2024-11-26 07:30:34,048 - INFO - WelcomeCog has been added to the bot.
2024-11-26 07:31:01,765 - INFO - Sent welcome DM to hlngdj_67608.
2024-11-26 07:31:05,561 - INFO - 'Member' button clicked by hlngdj_67608.
2024-11-26 07:31:05,757 - ERROR - Error during member onboarding for hlngdj_67608: 'OnboardingCog' object has no attribute 'get_or_create_row_id'
2024-11-26 07:49:05,621 - INFO - WelcomeCog has been added to the bot.
2024-11-26 07:49:57,287 - INFO - Sent welcome DM to hlngdj_67608.
2024-11-26 07:50:00,868 - INFO - 'Member' button clicked by hlngdj_67608.
2024-11-26 07:50:03,026 - ERROR - Error during member onboarding for hlngdj_67608: 'Webhook' object has no attribute 'send_modal'
2024-11-26 08:04:59,943 - INFO - WelcomeCog has been added to the bot.
2024-11-26 08:20:03,815 - INFO - Sent welcome DM to hlngdj_67608.
2024-11-26 08:20:29,092 - INFO - 'Member' button clicked by hlngdj_67608.
2024-11-26 08:20:29,789 - ERROR - Error during member onboarding for hlngdj_67608: module 'discord.ui' has no attribute 'InputText'
2024-11-26 08:23:48,095 - INFO - 'Member' button clicked by hlngdj_67608.
2024-11-26 08:23:49,433 - ERROR - Error during member onboarding for hlngdj_67608: module 'discord.ui' has no attribute 'InputText'
2024-11-26 08:25:18,258 - INFO - WelcomeCog has been added to the bot.
2024-11-26 08:27:57,033 - INFO - Sent welcome DM to hlngdj_67608.
2024-11-26 08:28:00,541 - INFO - 'Member' button clicked by hlngdj_67608.
2024-11-26 08:28:01,903 - ERROR - Error during member onboarding for hlngdj_67608: module 'discord.ui' has no attribute 'InputText'
2024-11-26 08:35:41,276 - INFO - WelcomeCog has been added to the bot.
2024-11-26 08:48:59,512 - INFO - Sent welcome DM to hlngdj_67608.
2024-11-26 08:49:03,528 - INFO - 'Member' button clicked by hlngdj_67608.
2024-11-26 08:49:04,445 - ERROR - Error during member onboarding for hlngdj_67608: module 'discord.ui' has no attribute 'InputText'
2024-11-26 08:59:29,970 - INFO - WelcomeCog has been added to the bot.
2024-11-26 09:03:29,908 - INFO - Sent welcome DM to hlngdj_67608.
2024-11-26 09:03:34,213 - INFO - 'Member' button clicked by hlngdj_67608.
2024-11-26 09:03:35,284 - ERROR - Error during member onboarding for hlngdj_67608: module 'discord.ui' has no attribute 'InputText'
2024-11-26 09:14:47,556 - INFO - WelcomeCog has been added to the bot.
2024-11-26 09:15:20,566 - INFO - Sent welcome DM to hlngdj_67608.
2024-11-26 09:15:25,031 - INFO - 'Member' button clicked by hlngdj_67608.
2024-11-26 09:15:27,570 - ERROR - Error during member onboarding for hlngdj_67608: module 'discord.ui' has no attribute 'InputText'
2024-11-26 09:42:38,211 - INFO - WelcomeCog has been added to the bot.
2024-11-26 09:43:05,524 - INFO - Sent welcome DM to hlngdj_67608.
2024-11-26 09:43:10,203 - INFO - 'Member' button clicked by hlngdj_67608.
2024-11-26 09:43:11,382 - ERROR - Error during member onboarding for hlngdj_67608: 'Webhook' object has no attribute 'send_modal'
2024-11-26 09:45:19,354 - INFO - WelcomeCog has been added to the bot.
2024-11-26 09:45:43,115 - INFO - Sent welcome DM to hlngdj_67608.
2024-11-26 09:45:48,342 - INFO - 'Member' button clicked by hlngdj_67608.
2024-11-26 09:45:50,133 - INFO - Displayed OnboardingSurveyModal to user hlngdj_67608 with row_id i-Upu_jXXA3h.
2024-11-26 09:52:39,278 - INFO - Sent welcome DM to hlngdj_67608.
2024-11-26 09:52:50,948 - INFO - 'Member' button clicked by hlngdj_67608.
2024-11-26 09:52:51,928 - INFO - Displayed OnboardingSurveyModal to user hlngdj_67608 with row_id i-PoJsXJvRo9.
2024-11-26 10:50:35,377 - INFO - WelcomeCog has been added to the bot.
2024-11-26 11:03:13,927 - INFO - WelcomeCog has been added to the bot.
2024-11-26 11:12:34,087 - INFO - WelcomeCog has been added to the bot.
2024-11-26 11:12:54,903 - INFO - Sent welcome DM to hlngdj_67608.
2024-11-26 11:13:00,157 - INFO - 'Member' button clicked by hlngdj_67608.
2024-11-26 11:13:01,472 - INFO - Displayed OnboardingSurveyModal to user hlngdj_67608 with row_id i-2t3rrgvOMM.
2024-11-26 11:19:56,475 - INFO - WelcomeCog has been added to the bot.
2024-11-26 11:20:53,916 - INFO - Sent welcome DM to hlngdj_67608.
2024-11-26 11:27:44,082 - INFO - WelcomeCog has been added to the bot.
2024-11-26 11:28:57,455 - INFO - Sent welcome DM to hlngdj_67608.
2024-11-26 11:29:02,038 - INFO - 'Member' button clicked by hlngdj_67608.
2024-11-26 11:29:02,847 - INFO - Displayed OnboardingSurveyModal to user hlngdj_67608 with row_id i-I79ssI92f6.
2024-11-26 12:50:35,105 - INFO - WelcomeCog has been added to the bot.
2024-11-26 13:10:39,619 - INFO - WelcomeCog has been added to the bot.
2024-11-26 13:11:03,789 - INFO - Sent welcome DM to hlngdj_67608.
2024-11-26 13:11:11,236 - INFO - 'Member' button clicked by hlngdj_67608.
2024-11-26 13:11:11,969 - ERROR - Error during member onboarding for hlngdj_67608: OnboardingSurveyModal.__init__() missing 1 required positional argument: 'guild_id'
2024-11-26 14:17:07,859 - INFO - WelcomeCog has been added to the bot.
2024-11-26 14:18:34,600 - INFO - Sent welcome DM to hlngdj_67608.
2024-11-26 14:19:05,426 - INFO - 'Member' button clicked by hlngdj_67608.
2024-11-26 14:19:08,235 - INFO - Displayed OnboardingSurveyModal to user hlngdj_67608 with row_id i-FwN6i8yEts.
2024-11-26 14:25:11,792 - INFO - WelcomeCog has been added to the bot.
2024-11-26 14:28:18,427 - INFO - Sent welcome DM to hlngdj_67608.
2024-11-26 14:28:23,546 - INFO - 'Member' button clicked by hlngdj_67608.
2024-11-26 14:28:26,465 - INFO - Displayed OnboardingSurveyModal to user hlngdj_67608 with row_id i-3MQ1egzThx.
2024-11-26 14:38:30,869 - INFO - WelcomeCog has been added to the bot.
2024-11-26 14:43:12,499 - INFO - Sent welcome DM to hlngdj_67608.
2024-11-26 14:44:54,754 - INFO - 'Member' button clicked by hlngdj_67608.
2024-11-26 14:44:56,882 - INFO - Displayed OnboardingSurveyModal to user hlngdj_67608 with row_id i-6yETbfrTZR.
2024-11-26 14:56:54,538 - INFO - Sent welcome DM to draedrae0526.
2024-11-26 14:57:17,104 - INFO - WelcomeCog has been added to the bot.
2024-11-26 15:01:03,814 - INFO - Sent welcome DM to hlngdj_67608.
2024-11-26 15:01:09,896 - INFO - 'Member' button clicked by hlngdj_67608.
2024-11-26 15:01:13,889 - ERROR - Error during member onboarding for hlngdj_67608: 404 Not Found (error code: 10062): Unknown interaction
2024-11-26 15:05:48,208 - INFO - WelcomeCog has been added to the bot.
2024-11-26 15:07:05,862 - INFO - Sent welcome DM to hlngdj_67608.
2024-11-26 15:07:11,287 - INFO - 'Member' button clicked by hlngdj_67608.
2024-11-26 15:07:12,332 - INFO - Displayed OnboardingSurveyModal to user hlngdj_67608 with row_id i-vaTkH3h3T1.
2024-11-28 13:31:06,498 - INFO - Sent welcome DM to piticao.
2024-11-28 13:31:27,193 - INFO - Sent welcome DM to tron20.
2024-11-28 13:31:51,042 - INFO - Sent welcome DM to lad28.
2024-11-28 13:32:14,657 - INFO - 'Associate' button clicked by lad28.
2024-11-28 13:32:16,061 - INFO - Displayed OnboardingSurveyModal to user lad28 with row_id i-ZujLHTNYZs.
2024-11-28 13:33:08,666 - INFO - 'Associate' button clicked by lad28.
2024-11-28 13:33:09,069 - INFO - Displayed OnboardingSurveyModal to user lad28 with row_id i-ZujLHTNYZs.
2024-11-28 19:30:10,844 - INFO - Sent welcome DM to lddrako.
2024-11-28 19:30:21,086 - INFO - 'Associate' button clicked by lddrako.
2024-11-28 19:30:25,021 - ERROR - Error sending modal: 404 Not Found (error code: 10062): Unknown interaction
2024-11-28 19:30:25,160 - ERROR - Error during associate onboarding for lddrako: 404 Not Found (error code: 10062): Unknown interaction
2024-11-28 19:30:29,873 - INFO - 'Member' button clicked by lddrako.
2024-11-28 19:30:30,704 - INFO - Displayed OnboardingSurveyModal to user lddrako with row_id i-y_ModOCRDz.
2024-11-29 14:03:55,640 - INFO - WelcomeCog has been added to the bot.
2024-11-29 14:07:27,566 - INFO - WelcomeCog has been added to the bot.
2024-11-29 14:33:34,986 - INFO - WelcomeCog has been added to the bot.
2024-11-29 14:36:31,634 - INFO - WelcomeCog has been added to the bot.
2024-11-29 14:55:04,781 - INFO - WelcomeCog has been added to the bot.
2024-11-29 15:15:34,372 - INFO - WelcomeCog has been added to the bot.
2024-11-29 15:42:43,255 - INFO - WelcomeCog has been added to the bot.
2024-11-29 15:50:13,214 - INFO - WelcomeCog has been added to the bot.
2024-11-29 16:01:21,777 - INFO - WelcomeCog has been added to the bot.
2024-11-29 16:05:25,832 - INFO - WelcomeCog has been added to the bot.
2024-11-29 16:12:50,313 - INFO - WelcomeCog has been added to the bot.
2024-11-29 16:15:39,748 - INFO - WelcomeCog has been added to the bot.
2024-11-29 18:37:10,537 - INFO - Sent welcome DM to fukinsilicabro.
2024-11-29 18:37:27,262 - INFO - 'Member' button clicked by fukinsilicabro.
2024-11-29 18:37:28,645 - INFO - Displayed OnboardingSurveyModal to user fukinsilicabro with row_id i-GlzQ3ciIz5.
2024-11-29 21:26:01,500 - INFO - Sent welcome DM to gutterchild85.
2024-11-29 22:32:19,292 - INFO - Sent welcome DM to burnttoast06.
2024-11-30 00:46:44,261 - INFO - WelcomeCog has been added to the bot.
2024-11-30 01:04:15,014 - INFO - WelcomeCog has been added to the bot.
2024-11-30 01:19:03,302 - INFO - WelcomeCog has been added to the bot.
2024-11-30 10:43:25,562 - INFO - Sent welcome DM to duncan.kleinfeld.
2024-11-30 10:44:34,903 - INFO - 'Member' button clicked by duncan.kleinfeld.
2024-11-30 10:44:36,132 - INFO - Displayed OnboardingSurveyModal to user duncan.kleinfeld with row_id i-SJpX2R6Zho.
2024-11-30 11:08:39,486 - INFO - 'Member' button clicked by duncan.kleinfeld.
2024-11-30 11:08:41,558 - INFO - Displayed OnboardingSurveyModal to user duncan.kleinfeld with row_id i-SJpX2R6Zho.
2024-11-30 12:10:20,018 - INFO - WelcomeCog has been added to the bot.
2024-11-30 12:11:43,886 - INFO - WelcomeCog has been added to the bot.
2024-11-30 12:32:21,150 - INFO - Sent welcome DM to trueberzerker.
2024-11-30 12:32:39,823 - INFO - 'Associate' button clicked by trueberzerker.
2024-11-30 12:32:41,043 - INFO - Displayed OnboardingSurveyModal to user trueberzerker with row_id i-nDF2p5GkXU.
2024-11-30 23:35:33,806 - INFO - Sent welcome DM to dugdimdome.
2024-12-01 10:34:10,244 - INFO - 'Associate' button clicked by dugdimdome.
2024-12-01 10:34:11,417 - INFO - Displayed OnboardingSurveyModal to user dugdimdome with row_id i-w-pYM3JOUr.
2024-12-01 13:06:40,841 - INFO - WelcomeCog has been added to the bot.
2024-12-01 16:30:16,522 - INFO - Sent welcome DM to lunarrain_85594.
2024-12-01 16:31:16,835 - INFO - Sent welcome DM to .lunarrain.
2024-12-02 07:50:41,102 - INFO - WelcomeCog has been added to the bot.
2024-12-02 08:00:04,564 - INFO - WelcomeCog has been added to the bot.
2024-12-02 08:03:41,692 - INFO - WelcomeCog has been added to the bot.
2024-12-02 08:08:12,870 - INFO - WelcomeCog has been added to the bot.
2024-12-02 08:09:59,493 - INFO - WelcomeCog has been added to the bot.
2024-12-02 08:17:52,659 - INFO - WelcomeCog has been added to the bot.
2024-12-02 08:20:10,128 - INFO - WelcomeCog has been added to the bot.
2024-12-02 11:50:41,470 - INFO - WelcomeCog has been added to the bot.
2024-12-02 11:56:28,817 - INFO - WelcomeCog has been added to the bot.
2024-12-02 12:08:25,798 - INFO - WelcomeCog has been added to the bot.
2024-12-02 12:16:44,163 - INFO - WelcomeCog has been added to the bot.
2024-12-02 12:21:18,309 - INFO - WelcomeCog has been added to the bot.
2024-12-02 12:59:18,784 - INFO - WelcomeCog has been added to the bot.
2024-12-02 13:30:42,197 - INFO - WelcomeCog has been added to the bot.
2024-12-02 13:49:50,495 - INFO - WelcomeCog has been added to the bot.
2024-12-02 14:00:50,468 - INFO - WelcomeCog has been added to the bot.
2024-12-02 14:07:55,164 - INFO - WelcomeCog has been added to the bot.
2024-12-02 17:27:47,703 - INFO - WelcomeCog has been added to the bot.
2024-12-02 17:57:33,749 - INFO - WelcomeCog has been added to the bot.
2024-12-03 13:50:47,153 - INFO - WelcomeCog has been added to the bot.
2024-12-03 13:58:34,065 - INFO - WelcomeCog has been added to the bot.
2024-12-03 14:27:15,348 - INFO - WelcomeCog has been added to the bot.
2024-12-03 14:36:06,483 - INFO - WelcomeCog has been added to the bot.
2024-12-03 15:09:21,814 - INFO - WelcomeCog has been added to the bot.
2024-12-03 15:34:29,447 - INFO - WelcomeCog has been added to the bot.
2024-12-03 15:47:16,333 - INFO - WelcomeCog has been added to the bot.
2024-12-03 15:49:01,002 - INFO - WelcomeCog has been added to the bot.
2024-12-03 16:06:10,648 - INFO - WelcomeCog has been added to the bot.
2024-12-03 16:35:00,953 - INFO - WelcomeCog has been added to the bot.
2024-12-06 06:21:02,199 - INFO - Sent welcome DM to gsgeag.
2024-12-06 11:50:21,197 - INFO - Sent welcome DM to sonojosh.
2024-12-06 11:50:54,338 - INFO - 'Associate' button clicked by sonojosh.
2024-12-06 11:50:59,966 - ERROR - Error sending modal: 404 Not Found (error code: 10062): Unknown interaction
2024-12-06 11:51:00,159 - ERROR - Error during associate onboarding for sonojosh: 404 Not Found (error code: 10062): Unknown interaction
2024-12-06 11:51:00,248 - INFO - 'Associate' button clicked by sonojosh.
2024-12-06 11:51:01,230 - INFO - Displayed OnboardingSurveyModal to user sonojosh with row_id i-mrTj5uBllK.
2024-12-07 13:41:50,668 - INFO - 'Associate' button clicked by sonojosh.
2024-12-07 13:41:51,243 - INFO - Displayed OnboardingSurveyModal to user sonojosh with row_id i-mrTj5uBllK.
2024-12-07 15:31:22,555 - INFO - WelcomeCog has been added to the bot.
2024-12-07 15:34:32,307 - INFO - WelcomeCog has been added to the bot.
2024-12-07 15:39:00,700 - INFO - WelcomeCog has been added to the bot.
2024-12-07 15:41:01,932 - INFO - WelcomeCog has been added to the bot.
2024-12-07 15:56:52,391 - INFO - WelcomeCog has been added to the bot.
2024-12-07 16:02:23,446 - INFO - WelcomeCog has been added to the bot.
2024-12-07 16:09:12,510 - INFO - WelcomeCog has been added to the bot.
2024-12-07 16:17:55,122 - INFO - WelcomeCog has been added to the bot.
2024-12-07 16:23:38,231 - INFO - WelcomeCog has been added to the bot.
2024-12-07 16:27:32,325 - INFO - WelcomeCog has been added to the bot.
2024-12-07 16:55:27,153 - INFO - Sent welcome DM to whitetrash55.
2024-12-07 17:41:54,077 - INFO - Sent welcome DM to cmdrcallista.
2024-12-07 17:42:08,198 - INFO - 'Associate' button clicked by cmdrcallista.
2024-12-07 17:42:09,428 - INFO - Displayed OnboardingSurveyModal to user cmdrcallista with row_id i-eJny5JHDgy.
2024-12-07 18:18:51,503 - INFO - 'Associate' button clicked by whitetrash55.
2024-12-07 18:18:52,841 - INFO - Displayed OnboardingSurveyModal to user whitetrash55 with row_id i-VBDJTY2PUR.
2024-12-07 19:50:19,683 - INFO - Sent welcome DM to zakarrus.
2024-12-10 14:37:27,762 - INFO - WelcomeCog has been added to the bot.
2024-12-12 04:03:05,769 - INFO - Sent welcome DM to orgaitsuka1187.
2024-12-12 04:35:21,434 - INFO - 'Member' button clicked by orgaitsuka1187.
2024-12-12 04:35:22,774 - INFO - Displayed OnboardingSurveyModal to user orgaitsuka1187 with row_id i-4-JYAIR_T8.
2024-12-12 16:08:05,485 - INFO - 'Associate' button clicked by orgaitsuka1187.
2024-12-12 16:08:06,217 - INFO - Displayed OnboardingSurveyModal to user orgaitsuka1187 with row_id i-4-JYAIR_T8.
2024-12-12 19:38:53,302 - INFO - 'Member' button clicked by orgaitsuka1187.
2024-12-12 19:38:54,499 - INFO - Displayed OnboardingSurveyModal to user orgaitsuka1187 with row_id i-4-JYAIR_T8.
2024-12-13 07:20:58,469 - INFO - WelcomeCog has been added to the bot.
2024-12-13 07:25:43,452 - INFO - WelcomeCog has been added to the bot.
2024-12-13 22:02:50,298 - INFO - Sent welcome DM to ltdanofficial.
2024-12-13 22:03:12,031 - INFO - 'Associate' button clicked by ltdanofficial.
2024-12-13 22:03:13,541 - INFO - Displayed OnboardingSurveyModal to user ltdanofficial with row_id i-6oHeJ9YUvA.
2024-12-13 23:50:06,782 - INFO - Sent welcome DM to thearcaneasylum.
2024-12-13 23:50:36,962 - INFO - 'Associate' button clicked by thearcaneasylum.
2024-12-13 23:50:38,165 - INFO - Displayed OnboardingSurveyModal to user thearcaneasylum with row_id i-8F-H_eUDVN.
2024-12-14 19:12:47,932 - WARNING - Could not send DM to kowe2ne1.
2024-12-15 00:41:02,081 - INFO - Sent welcome DM to ottural155.
2024-12-15 00:41:41,445 - INFO - 'Member' button clicked by ottural155.
2024-12-15 00:41:42,472 - INFO - Displayed OnboardingSurveyModal to user ottural155 with row_id i-AFabRGSfRp.
2024-12-15 00:44:13,874 - INFO - Sent welcome DM to .pappabless.
2024-12-15 00:44:57,378 - INFO - 'Member' button clicked by .pappabless.
2024-12-15 00:44:59,132 - INFO - Displayed OnboardingSurveyModal to user .pappabless with row_id i-tiOBEe2mbv.
2024-12-15 00:56:04,634 - INFO - Sent welcome DM to chris_z..
2024-12-15 00:56:36,755 - INFO - 'Member' button clicked by chris_z..
2024-12-15 00:56:37,898 - INFO - Displayed OnboardingSurveyModal to user chris_z. with row_id i-b1Gp_HwCIc.
2024-12-16 13:02:40,374 - INFO - Sent welcome DM to .alondite.
2024-12-18 16:50:57,798 - INFO - Sent welcome DM to cutterlocus.
2024-12-19 03:00:40,641 - INFO - 'Associate' button clicked by .alondite.
2024-12-19 03:00:41,835 - INFO - Displayed OnboardingSurveyModal to user .alondite with row_id i-f9cGvmsFGy.
2024-12-19 13:51:51,713 - INFO - Sent welcome DM to angelsss256.
2024-12-19 13:52:26,291 - INFO - 'Associate' button clicked by angelsss256.
2024-12-19 13:52:27,567 - INFO - Displayed OnboardingSurveyModal to user angelsss256 with row_id i-Xd4nC4l106.
2024-12-20 03:38:41,100 - INFO - 'Member' button clicked by .alondite.
2024-12-20 03:38:41,902 - INFO - Displayed OnboardingSurveyModal to user .alondite with row_id i-f9cGvmsFGy.
2024-12-21 06:07:54,299 - INFO - Sent welcome DM to boylady..
2024-12-21 06:09:09,477 - INFO - 'Associate' button clicked by boylady..
2024-12-21 06:09:10,687 - INFO - Displayed OnboardingSurveyModal to user boylady. with row_id i--gm9Wgqsnr.
2024-12-21 11:50:32,148 - INFO - WelcomeCog has been added to the bot.
2024-12-21 12:16:17,933 - INFO - WelcomeCog has been added to the bot.
2024-12-21 12:23:01,699 - INFO - WelcomeCog has been added to the bot.
2024-12-21 17:40:56,377 - INFO - WelcomeCog has been added to the bot.
2024-12-22 17:30:40,590 - INFO - Sent welcome DM to xotic2869.
2024-12-22 17:31:39,817 - INFO - 'Member' button clicked by xotic2869.
2024-12-22 17:31:41,075 - INFO - Displayed OnboardingSurveyModal to user xotic2869 with row_id i-6_2TOrD1xF.
2024-12-22 17:31:43,626 - INFO - 'Associate' button clicked by xotic2869.
2024-12-22 17:31:44,410 - INFO - Displayed OnboardingSurveyModal to user xotic2869 with row_id i-AuulAHAVtm.
2024-12-22 17:31:56,911 - INFO - 'Associate' button clicked by xotic2869.
2024-12-22 17:31:57,701 - INFO - Displayed OnboardingSurveyModal to user xotic2869 with row_id i-ASz8A3PYdJ.
2024-12-22 18:25:01,782 - INFO - WelcomeCog has been added to the bot.
2024-12-22 18:28:00,836 - INFO - WelcomeCog has been added to the bot.
2024-12-22 18:33:29,496 - INFO - WelcomeCog has been added to the bot.
2024-12-23 11:45:00,344 - INFO - WelcomeCog has been added to the bot.
2024-12-26 07:02:06,089 - INFO - WelcomeCog has been added to the bot.
2024-12-26 07:08:58,516 - INFO - WelcomeCog has been added to the bot.
2024-12-26 07:11:54,302 - INFO - WelcomeCog has been added to the bot.
2024-12-26 07:15:45,136 - INFO - WelcomeCog has been added to the bot.
2024-12-26 07:17:15,131 - INFO - WelcomeCog has been added to the bot.
2024-12-26 07:30:49,862 - INFO - WelcomeCog has been added to the bot.
2024-12-26 07:41:23,440 - INFO - WelcomeCog has been added to the bot.
2024-12-26 07:47:12,763 - INFO - WelcomeCog has been added to the bot.
2024-12-26 08:04:18,920 - INFO - WelcomeCog has been added to the bot.
2024-12-26 11:16:09,751 - INFO - WelcomeCog has been added to the bot.
2024-12-26 11:19:49,866 - INFO - WelcomeCog has been added to the bot.
2024-12-26 11:42:55,514 - INFO - WelcomeCog has been added to the bot.
2024-12-26 11:49:27,163 - INFO - WelcomeCog has been added to the bot.
2024-12-26 12:54:53,355 - INFO - WelcomeCog has been added to the bot.
2024-12-26 13:05:38,247 - INFO - WelcomeCog has been added to the bot.
2024-12-26 13:07:31,924 - INFO - WelcomeCog has been added to the bot.
2024-12-26 13:18:31,224 - INFO - WelcomeCog has been added to the bot.
2024-12-26 13:27:01,528 - INFO - WelcomeCog has been added to the bot.
2024-12-26 13:35:08,041 - INFO - WelcomeCog has been added to the bot.
2024-12-26 13:37:43,672 - INFO - WelcomeCog has been added to the bot.
2024-12-26 13:48:56,147 - INFO - WelcomeCog has been added to the bot.
2024-12-26 13:50:42,622 - INFO - WelcomeCog has been added to the bot.
2024-12-26 13:56:13,916 - INFO - WelcomeCog has been added to the bot.
2024-12-26 14:14:12,233 - INFO - WelcomeCog has been added to the bot.
2024-12-27 07:03:52,359 - INFO - WelcomeCog has been added to the bot.
2024-12-27 07:11:31,720 - INFO - WelcomeCog has been added to the bot.
2024-12-27 07:19:33,987 - INFO - WelcomeCog has been added to the bot.
2024-12-27 07:29:54,966 - INFO - WelcomeCog has been added to the bot.
2024-12-27 07:31:23,848 - INFO - WelcomeCog has been added to the bot.
2024-12-27 07:39:42,052 - INFO - WelcomeCog has been added to the bot.
2024-12-27 09:45:25,125 - INFO - WelcomeCog has been added to the bot.
2024-12-27 09:54:01,787 - INFO - WelcomeCog has been added to the bot.
2024-12-27 10:32:10,684 - INFO - WelcomeCog has been added to the bot.
2024-12-27 10:47:26,544 - INFO - WelcomeCog has been added to the bot.
2024-12-27 10:53:29,607 - INFO - WelcomeCog has been added to the bot.
2024-12-27 13:01:12,614 - INFO - WelcomeCog has been added to the bot.
2024-12-27 13:14:13,056 - INFO - WelcomeCog has been added to the bot.
2024-12-27 13:19:27,993 - INFO - WelcomeCog has been added to the bot.
2024-12-27 13:32:59,297 - INFO - WelcomeCog has been added to the bot.
2024-12-27 13:33:55,855 - INFO - WelcomeCog has been added to the bot.
2024-12-27 19:00:02,032 - INFO - WelcomeCog has been added to the bot.
2024-12-27 23:26:39,735 - INFO - WelcomeCog has been added to the bot.
2024-12-27 23:28:08,671 - INFO - WelcomeCog has been added to the bot.
2024-12-27 23:29:09,271 - INFO - WelcomeCog has been added to the bot.
2024-12-27 23:32:50,476 - INFO - WelcomeCog has been added to the bot.
2024-12-27 23:38:38,436 - INFO - WelcomeCog has been added to the bot.
2024-12-28 12:35:04,377 - INFO - WelcomeCog has been added to the bot.
2024-12-28 12:37:57,168 - INFO - WelcomeCog has been added to the bot.
2024-12-28 13:24:36,143 - INFO - WelcomeCog has been added to the bot.
2024-12-28 13:33:50,663 - INFO - WelcomeCog has been added to the bot.
2024-12-28 14:09:54,164 - INFO - WelcomeCog has been added to the bot.
2024-12-28 14:21:21,299 - INFO - WelcomeCog has been added to the bot.
2024-12-28 14:26:39,929 - INFO - WelcomeCog has been added to the bot.
2024-12-28 14:27:49,105 - INFO - WelcomeCog has been added to the bot.
2024-12-28 14:31:25,234 - INFO - WelcomeCog has been added to the bot.
2024-12-28 14:32:58,016 - INFO - WelcomeCog has been added to the bot.
2024-12-28 14:46:29,057 - INFO - WelcomeCog has been added to the bot.
2024-12-28 14:50:03,345 - INFO - WelcomeCog has been added to the bot.
2024-12-28 14:54:08,476 - INFO - WelcomeCog has been added to the bot.
2024-12-28 14:55:33,558 - INFO - WelcomeCog has been added to the bot.
2024-12-28 14:56:37,235 - INFO - WelcomeCog has been added to the bot.
2024-12-28 15:01:27,410 - INFO - WelcomeCog has been added to the bot.
2024-12-28 15:02:36,560 - INFO - WelcomeCog has been added to the bot.
2024-12-28 15:13:43,276 - INFO - WelcomeCog has been added to the bot.
2024-12-28 15:42:11,381 - INFO - WelcomeCog has been added to the bot.
2024-12-28 15:48:05,908 - INFO - WelcomeCog has been added to the bot.
2024-12-28 15:51:20,143 - INFO - WelcomeCog has been added to the bot.
2024-12-28 16:16:22,043 - INFO - WelcomeCog has been added to the bot.
2024-12-28 16:21:47,814 - INFO - WelcomeCog has been added to the bot.
2024-12-28 16:24:24,474 - INFO - WelcomeCog has been added to the bot.
2024-12-28 16:29:32,476 - INFO - WelcomeCog has been added to the bot.
2024-12-28 16:38:25,686 - INFO - WelcomeCog has been added to the bot.
2024-12-28 16:39:06,523 - INFO - WelcomeCog has been added to the bot.
2024-12-28 16:44:05,707 - INFO - WelcomeCog has been added to the bot.
2024-12-28 16:47:57,111 - INFO - WelcomeCog has been added to the bot.
2024-12-28 16:51:02,030 - INFO - WelcomeCog has been added to the bot.
2024-12-28 16:56:10,566 - INFO - Sent welcome DM to onstageash123.
2024-12-28 16:56:43,051 - INFO - 'Member' button clicked by onstageash123.
2024-12-28 16:56:44,291 - INFO - Displayed OnboardingSurveyModal to user onstageash123 with row_id i-rPexKQPgqL.
2024-12-28 16:59:12,914 - INFO - 'Associate' button clicked by onstageash123.
2024-12-28 16:59:13,746 - INFO - Displayed OnboardingSurveyModal to user onstageash123 with row_id i-rPexKQPgqL.
2024-12-28 17:02:59,555 - INFO - 'Member' button clicked by onstageash123.
2024-12-28 17:03:00,433 - INFO - Displayed OnboardingSurveyModal to user onstageash123 with row_id i-rPexKQPgqL.
2024-12-28 17:16:19,052 - INFO - WelcomeCog has been added to the bot.
2024-12-28 17:31:41,968 - INFO - WelcomeCog has been added to the bot.
2024-12-28 17:41:33,956 - INFO - WelcomeCog has been added to the bot.
2024-12-28 17:47:57,188 - INFO - WelcomeCog has been added to the bot.
2024-12-28 17:48:47,160 - INFO - WelcomeCog has been added to the bot.
2024-12-28 17:58:13,262 - INFO - WelcomeCog has been added to the bot.
2024-12-29 12:00:55,907 - INFO - WelcomeCog has been added to the bot.
2024-12-29 12:04:54,956 - INFO - WelcomeCog has been added to the bot.
2024-12-29 18:40:58,754 - INFO - WelcomeCog has been added to the bot.
2024-12-29 20:59:40,326 - INFO - WelcomeCog has been added to the bot.
2024-12-29 21:00:35,720 - INFO - WelcomeCog has been added to the bot.
2024-12-29 21:03:47,243 - INFO - WelcomeCog has been added to the bot.
2024-12-30 06:54:55,871 - INFO - WelcomeCog has been added to the bot.
2024-12-30 07:31:03,973 - INFO - WelcomeCog has been added to the bot.
2024-12-30 07:32:33,716 - INFO - WelcomeCog has been added to the bot.
2024-12-30 07:33:31,129 - INFO - WelcomeCog has been added to the bot.
2024-12-30 07:55:20,276 - INFO - WelcomeCog has been added to the bot.
2024-12-30 08:00:59,237 - INFO - WelcomeCog has been added to the bot.
2024-12-30 08:06:38,945 - INFO - WelcomeCog has been added to the bot.
2024-12-30 08:08:50,601 - INFO - WelcomeCog has been added to the bot.
2024-12-30 08:16:02,501 - INFO - WelcomeCog has been added to the bot.
2024-12-30 08:36:28,853 - INFO - WelcomeCog has been added to the bot.
2024-12-30 08:37:18,246 - INFO - WelcomeCog has been added to the bot.
2024-12-30 09:03:38,141 - INFO - WelcomeCog has been added to the bot.
2024-12-30 09:10:21,661 - INFO - WelcomeCog has been added to the bot.
2024-12-30 09:57:27,930 - INFO - WelcomeCog has been added to the bot.
2024-12-30 10:07:53,447 - INFO - WelcomeCog has been added to the bot.
2024-12-30 10:34:21,760 - INFO - WelcomeCog has been added to the bot.
2024-12-30 10:35:22,670 - INFO - WelcomeCog has been added to the bot.
2024-12-30 11:18:19,623 - INFO - WelcomeCog has been added to the bot.
2024-12-30 11:20:31,198 - INFO - WelcomeCog has been added to the bot.
2024-12-30 11:30:22,984 - INFO - WelcomeCog has been added to the bot.
2024-12-30 11:32:26,612 - INFO - WelcomeCog has been added to the bot.
2024-12-30 11:54:17,384 - INFO - WelcomeCog has been added to the bot.
2024-12-30 12:05:23,939 - INFO - WelcomeCog has been added to the bot.
2024-12-30 13:28:43,684 - INFO - WelcomeCog has been added to the bot.
2024-12-30 13:30:16,628 - INFO - WelcomeCog has been added to the bot.
2024-12-30 13:52:14,415 - INFO - WelcomeCog has been added to the bot.
2024-12-30 14:27:35,707 - INFO - WelcomeCog has been added to the bot.
2024-12-30 14:28:25,817 - INFO - WelcomeCog has been added to the bot.
2024-12-30 14:42:57,177 - INFO - WelcomeCog has been added to the bot.
2024-12-30 18:00:30,146 - INFO - WelcomeCog has been added to the bot.
2024-12-30 18:05:04,723 - INFO - WelcomeCog has been added to the bot.
2024-12-30 18:08:51,101 - INFO - WelcomeCog has been added to the bot.
2024-12-30 18:12:33,724 - INFO - WelcomeCog has been added to the bot.
2024-12-30 18:14:36,326 - INFO - WelcomeCog has been added to the bot.
2024-12-30 18:20:41,121 - INFO - WelcomeCog has been added to the bot.
2024-12-30 18:25:33,127 - INFO - WelcomeCog has been added to the bot.
2024-12-30 18:28:04,043 - INFO - WelcomeCog has been added to the bot.
2024-12-30 19:03:49,074 - INFO - WelcomeCog has been added to the bot.
2024-12-31 08:12:36,373 - INFO - WelcomeCog has been added to the bot.
2024-12-31 08:32:43,551 - INFO - WelcomeCog has been added to the bot.
2024-12-31 08:35:43,343 - INFO - WelcomeCog has been added to the bot.
2024-12-31 08:51:24,020 - INFO - WelcomeCog has been added to the bot.
2024-12-31 08:56:39,096 - INFO - WelcomeCog has been added to the bot.
2024-12-31 09:00:09,097 - INFO - WelcomeCog has been added to the bot.
2024-12-31 09:05:13,992 - INFO - WelcomeCog has been added to the bot.
2024-12-31 09:14:16,713 - INFO - WelcomeCog has been added to the bot.
2024-12-31 09:22:48,959 - INFO - WelcomeCog has been added to the bot.
2024-12-31 09:26:23,729 - INFO - WelcomeCog has been added to the bot.
2024-12-31 09:32:05,474 - INFO - WelcomeCog has been added to the bot.
2024-12-31 09:36:43,810 - INFO - WelcomeCog has been added to the bot.
2024-12-31 10:22:59,225 - INFO - WelcomeCog has been added to the bot.
2024-12-31 10:23:43,350 - INFO - WelcomeCog has been added to the bot.
2024-12-31 10:30:41,629 - INFO - WelcomeCog has been added to the bot.
2024-12-31 10:50:15,357 - INFO - WelcomeCog has been added to the bot.
2024-12-31 10:53:59,042 - INFO - WelcomeCog has been added to the bot.
2024-12-31 10:58:03,734 - INFO - WelcomeCog has been added to the bot.
2024-12-31 10:59:40,367 - INFO - WelcomeCog has been added to the bot.
2024-12-31 11:04:38,975 - INFO - WelcomeCog has been added to the bot.
2024-12-31 11:05:41,619 - INFO - WelcomeCog has been added to the bot.
2024-12-31 11:09:06,646 - INFO - WelcomeCog has been added to the bot.
2024-12-31 11:09:34,142 - INFO - WelcomeCog has been added to the bot.
2024-12-31 11:09:57,519 - INFO - WelcomeCog has been added to the bot.
2024-12-31 11:12:47,902 - INFO - WelcomeCog has been added to the bot.
2024-12-31 11:29:24,604 - INFO - WelcomeCog has been added to the bot.
2024-12-31 11:32:26,579 - INFO - WelcomeCog has been added to the bot.
2024-12-31 11:53:39,384 - INFO - WelcomeCog has been added to the bot.
2024-12-31 14:10:05,224 - INFO - WelcomeCog has been added to the bot.
2024-12-31 14:19:59,578 - INFO - WelcomeCog has been added to the bot.
2024-12-31 14:24:16,864 - INFO - WelcomeCog has been added to the bot.
2024-12-31 14:26:18,060 - INFO - WelcomeCog has been added to the bot.
2024-12-31 14:28:46,251 - INFO - WelcomeCog has been added to the bot.
2024-12-31 18:15:47,772 - INFO - WelcomeCog has been added to the bot.
2024-12-31 18:23:47,066 - INFO - WelcomeCog has been added to the bot.
2025-01-01 14:20:05,106 - INFO - WelcomeCog has been added to the bot.
2025-01-01 14:32:34,911 - INFO - WelcomeCog has been added to the bot.
2025-01-01 14:33:45,688 - INFO - WelcomeCog has been added to the bot.
2025-01-01 14:37:20,844 - INFO - WelcomeCog has been added to the bot.
2025-01-01 14:39:12,035 - INFO - WelcomeCog has been added to the bot.
2025-01-01 14:40:11,104 - INFO - WelcomeCog has been added to the bot.
2025-01-01 14:42:15,836 - INFO - WelcomeCog has been added to the bot.
2025-01-02 07:55:54,380 - INFO - WelcomeCog has been added to the bot.
2025-01-02 08:04:35,426 - INFO - WelcomeCog has been added to the bot.
2025-01-02 08:16:57,557 - INFO - WelcomeCog has been added to the bot.
2025-01-02 08:21:22,494 - INFO - WelcomeCog has been added to the bot.
2025-01-02 08:24:12,795 - INFO - WelcomeCog has been added to the bot.
2025-01-02 08:32:02,156 - INFO - WelcomeCog has been added to the bot.
2025-01-02 08:40:31,598 - INFO - WelcomeCog has been added to the bot.
2025-01-02 08:47:04,183 - INFO - WelcomeCog has been added to the bot.
2025-01-02 08:48:21,483 - INFO - WelcomeCog has been added to the bot.
2025-01-02 08:52:08,754 - INFO - WelcomeCog has been added to the bot.
2025-01-02 08:56:50,332 - INFO - WelcomeCog has been added to the bot.
2025-01-02 09:22:20,946 - INFO - WelcomeCog has been added to the bot.
2025-01-02 09:27:50,988 - INFO - WelcomeCog has been added to the bot.
2025-01-02 09:32:17,050 - INFO - WelcomeCog has been added to the bot.
2025-01-02 10:15:33,898 - INFO - WelcomeCog has been added to the bot.
2025-01-02 10:51:55,096 - INFO - WelcomeCog has been added to the bot.
2025-01-02 13:10:31,870 - INFO - WelcomeCog has been added to the bot.
2025-01-02 13:13:25,976 - INFO - WelcomeCog has been added to the bot.
2025-01-02 13:20:41,624 - INFO - WelcomeCog has been added to the bot.
2025-01-02 13:22:11,129 - INFO - WelcomeCog has been added to the bot.
2025-01-02 13:24:26,755 - INFO - WelcomeCog has been added to the bot.
2025-01-02 13:35:00,920 - ERROR - Failed to setup WelcomeCog: Could not find welcome channel with ID 1304146678529396836
2025-01-02 13:36:26,882 - ERROR - Failed to setup WelcomeCog: Could not find welcome channel with ID 1304146678529396836
2025-01-02 13:38:04,339 - INFO - WelcomeCog has been added to the bot.
2025-01-02 13:48:10,588 - INFO - WelcomeCog has been added to the bot.
2025-01-02 14:13:53,851 - INFO - WelcomeCog has been added to the bot.
2025-01-02 14:29:47,967 - INFO - WelcomeCog has been added to the bot.
2025-01-02 14:30:52,524 - INFO - WelcomeCog has been added to the bot.
2025-01-02 14:39:55,486 - INFO - WelcomeCog has been added to the bot.
2025-01-02 14:55:46,784 - INFO - WelcomeCog has been added to the bot.
2025-01-02 15:03:10,103 - INFO - WelcomeCog has been added to the bot.
2025-01-02 22:06:24,565 - INFO - Sent welcome DM to doobby649.
2025-01-02 22:44:55,495 - INFO - 'Associate' button clicked by doobby649.
2025-01-02 22:44:56,736 - INFO - Displayed OnboardingSurveyModal to user doobby649 with row_id i-n0AY-mKmmr.
2025-01-03 07:48:13,893 - INFO - WelcomeCog has been added to the bot.
2025-01-03 07:48:52,410 - INFO - WelcomeCog has been added to the bot.
2025-01-03 07:52:52,605 - INFO - WelcomeCog has been added to the bot.
2025-01-03 07:55:17,904 - INFO - WelcomeCog has been added to the bot.
2025-01-03 07:56:23,406 - INFO - WelcomeCog has been added to the bot.
2025-01-03 07:59:56,648 - INFO - WelcomeCog has been added to the bot.
2025-01-03 08:05:17,562 - INFO - WelcomeCog has been added to the bot.
2025-01-03 08:06:39,019 - INFO - WelcomeCog has been added to the bot.
2025-01-03 08:10:53,372 - INFO - WelcomeCog has been added to the bot.
2025-01-03 08:12:21,800 - INFO - WelcomeCog has been added to the bot.
2025-01-03 08:14:57,664 - INFO - WelcomeCog has been added to the bot.
2025-01-03 08:16:05,920 - INFO - WelcomeCog has been added to the bot.
2025-01-03 08:18:38,325 - INFO - WelcomeCog has been added to the bot.
2025-01-03 08:30:24,796 - INFO - WelcomeCog has been added to the bot.
2025-01-03 08:34:03,187 - INFO - WelcomeCog has been added to the bot.
2025-01-03 08:37:54,980 - INFO - WelcomeCog has been added to the bot.
2025-01-03 08:38:16,885 - INFO - WelcomeCog has been added to the bot.
2025-01-03 08:40:45,319 - INFO - WelcomeCog has been added to the bot.
2025-01-03 08:43:55,609 - INFO - WelcomeCog has been added to the bot.
2025-01-03 08:45:24,210 - INFO - WelcomeCog has been added to the bot.
2025-01-03 08:57:38,068 - INFO - WelcomeCog has been added to the bot.
2025-01-03 09:00:36,881 - INFO - WelcomeCog has been added to the bot.
2025-01-03 09:17:46,350 - INFO - WelcomeCog has been added to the bot.
2025-01-03 13:03:30,175 - INFO - WelcomeCog has been added to the bot.
2025-01-03 13:13:28,869 - INFO - WelcomeCog has been added to the bot.
2025-01-03 13:18:43,785 - INFO - WelcomeCog has been added to the bot.
2025-01-03 13:27:14,267 - INFO - WelcomeCog has been added to the bot.
2025-01-03 13:28:15,323 - INFO - WelcomeCog has been added to the bot.
2025-01-03 13:29:59,439 - INFO - WelcomeCog has been added to the bot.
2025-01-03 13:33:30,813 - INFO - WelcomeCog has been added to the bot.
2025-01-03 13:43:03,946 - INFO - WelcomeCog has been added to the bot.
2025-01-03 13:53:13,689 - INFO - WelcomeCog has been added to the bot.
2025-01-03 13:56:44,423 - INFO - WelcomeCog has been added to the bot.
2025-01-03 14:00:45,815 - INFO - WelcomeCog has been added to the bot.
2025-01-03 14:02:10,190 - INFO - WelcomeCog has been added to the bot.
2025-01-03 14:08:50,710 - INFO - WelcomeCog has been added to the bot.
2025-01-03 14:10:42,033 - INFO - WelcomeCog has been added to the bot.
2025-01-03 14:11:19,217 - INFO - WelcomeCog has been added to the bot.
2025-01-03 14:12:51,781 - INFO - WelcomeCog has been added to the bot.
2025-01-03 14:14:39,924 - INFO - WelcomeCog has been added to the bot.
2025-01-03 14:17:07,758 - INFO - WelcomeCog has been added to the bot.
2025-01-03 14:21:16,117 - INFO - WelcomeCog has been added to the bot.
2025-01-03 14:22:50,957 - INFO - WelcomeCog has been added to the bot.
2025-01-03 14:24:34,734 - INFO - WelcomeCog has been added to the bot.
2025-01-03 14:47:52,778 - INFO - WelcomeCog has been added to the bot.
2025-01-03 14:59:40,583 - INFO - WelcomeCog has been added to the bot.
2025-01-03 15:00:20,372 - INFO - WelcomeCog has been added to the bot.
2025-01-03 15:09:36,633 - INFO - WelcomeCog has been added to the bot.
2025-01-03 15:21:52,649 - INFO - WelcomeCog has been added to the bot.
2025-01-03 15:24:24,871 - INFO - WelcomeCog has been added to the bot.
2025-01-03 15:30:24,361 - INFO - WelcomeCog has been added to the bot.
2025-01-03 15:30:51,813 - INFO - WelcomeCog has been added to the bot.
2025-01-03 15:36:24,578 - INFO - WelcomeCog has been added to the bot.
2025-01-03 15:39:46,010 - INFO - WelcomeCog has been added to the bot.
2025-01-03 15:42:39,049 - INFO - WelcomeCog has been added to the bot.
2025-01-03 15:46:01,925 - INFO - WelcomeCog has been added to the bot.
2025-01-03 19:11:35,866 - INFO - WelcomeCog has been added to the bot.
2025-01-03 19:12:38,346 - INFO - WelcomeCog has been added to the bot.
2025-01-03 19:14:14,002 - INFO - WelcomeCog has been added to the bot.
2025-01-03 19:18:35,920 - INFO - WelcomeCog has been added to the bot.
2025-01-03 19:20:34,433 - INFO - WelcomeCog has been added to the bot.
2025-01-03 19:21:08,722 - INFO - WelcomeCog has been added to the bot.
2025-01-03 19:21:33,400 - INFO - WelcomeCog has been added to the bot.
2025-01-03 19:25:35,755 - INFO - WelcomeCog has been added to the bot.
2025-01-03 19:32:44,847 - INFO - WelcomeCog has been added to the bot.
2025-01-03 19:37:12,076 - INFO - WelcomeCog has been added to the bot.
2025-01-03 20:20:28,694 - INFO - WelcomeCog has been added to the bot.
2025-01-03 20:23:05,319 - INFO - WelcomeCog has been added to the bot.
2025-01-03 20:24:26,813 - INFO - WelcomeCog has been added to the bot.
2025-01-03 20:25:02,195 - INFO - WelcomeCog has been added to the bot.
2025-01-03 20:26:27,701 - INFO - WelcomeCog has been added to the bot.
2025-01-03 20:27:58,541 - INFO - WelcomeCog has been added to the bot.
2025-01-03 20:31:58,746 - INFO - WelcomeCog has been added to the bot.
2025-01-03 20:34:17,653 - INFO - WelcomeCog has been added to the bot.
2025-01-03 20:35:47,933 - INFO - WelcomeCog has been added to the bot.
2025-01-03 20:38:19,749 - INFO - WelcomeCog has been added to the bot.
2025-01-04 00:05:36,425 - INFO - WelcomeCog has been added to the bot.
2025-01-04 00:48:06,395 - INFO - WelcomeCog has been added to the bot.
2025-01-04 14:16:42,200 - INFO - WelcomeCog has been added to the bot.
2025-01-04 14:18:56,184 - INFO - WelcomeCog has been added to the bot.
2025-01-04 14:19:24,436 - INFO - WelcomeCog has been added to the bot.
2025-01-04 14:21:19,353 - INFO - WelcomeCog has been added to the bot.
2025-01-04 14:27:08,524 - INFO - WelcomeCog has been added to the bot.
2025-01-04 14:28:21,758 - INFO - WelcomeCog has been added to the bot.
2025-01-04 14:36:24,451 - INFO - WelcomeCog has been added to the bot.
2025-01-04 14:38:54,535 - INFO - WelcomeCog has been added to the bot.
2025-01-04 14:43:00,080 - INFO - WelcomeCog has been added to the bot.
2025-01-04 14:46:01,740 - INFO - WelcomeCog has been added to the bot.
2025-01-04 14:50:05,624 - INFO - WelcomeCog has been added to the bot.
2025-01-04 14:50:53,526 - INFO - WelcomeCog has been added to the bot.
2025-01-04 16:59:32,679 - INFO - Sent welcome DM to breezy_430.
2025-01-04 17:00:24,849 - INFO - 'Member' button clicked by breezy_430.
2025-01-04 17:00:26,005 - INFO - Displayed OnboardingSurveyModal to user breezy_430 with row_id i-VfXaybTX4J.
2025-01-04 22:03:37,922 - INFO - WelcomeCog has been added to the bot.
2025-01-04 22:10:13,352 - INFO - WelcomeCog has been added to the bot.
2025-01-04 22:19:01,167 - INFO - WelcomeCog has been added to the bot.
2025-01-04 22:38:44,646 - INFO - WelcomeCog has been added to the bot.
2025-01-04 22:49:58,919 - INFO - WelcomeCog has been added to the bot.
2025-01-04 22:51:53,039 - INFO - WelcomeCog has been added to the bot.
2025-01-05 10:59:47,168 - INFO - WelcomeCog has been added to the bot.
2025-01-05 11:11:51,751 - INFO - WelcomeCog has been added to the bot.
2025-01-05 11:12:22,710 - INFO - WelcomeCog has been added to the bot.
2025-01-05 11:17:12,033 - INFO - WelcomeCog has been added to the bot.
2025-01-05 11:19:32,559 - INFO - WelcomeCog has been added to the bot.
2025-01-05 11:32:50,321 - INFO - WelcomeCog has been added to the bot.
2025-01-05 11:38:34,643 - INFO - WelcomeCog has been added to the bot.
2025-01-05 11:41:54,328 - INFO - WelcomeCog has been added to the bot.
2025-01-05 11:42:57,001 - INFO - WelcomeCog has been added to the bot.
2025-01-05 11:48:36,490 - INFO - WelcomeCog has been added to the bot.
2025-01-05 11:54:36,334 - INFO - WelcomeCog has been added to the bot.
2025-01-05 11:55:35,904 - INFO - WelcomeCog has been added to the bot.
2025-01-05 11:57:34,969 - INFO - WelcomeCog has been added to the bot.
2025-01-05 12:00:52,073 - INFO - WelcomeCog has been added to the bot.
2025-01-05 12:07:16,450 - INFO - WelcomeCog has been added to the bot.
2025-01-06 07:46:39,282 - INFO - WelcomeCog has been added to the bot.
2025-01-06 07:58:44,572 - INFO - WelcomeCog has been added to the bot.
2025-01-06 08:04:12,324 - INFO - WelcomeCog has been added to the bot.
2025-01-06 08:07:31,074 - INFO - WelcomeCog has been added to the bot.
2025-01-06 08:09:48,258 - INFO - WelcomeCog has been added to the bot.
2025-01-06 08:10:41,706 - INFO - WelcomeCog has been added to the bot.
2025-01-06 08:12:02,497 - INFO - WelcomeCog has been added to the bot.
2025-01-06 08:12:59,385 - INFO - WelcomeCog has been added to the bot.
2025-01-06 08:16:33,129 - INFO - WelcomeCog has been added to the bot.
2025-01-06 08:27:16,420 - INFO - WelcomeCog has been added to the bot.
2025-01-06 08:31:39,779 - INFO - WelcomeCog has been added to the bot.
2025-01-06 08:34:40,554 - INFO - WelcomeCog has been added to the bot.
2025-01-06 09:57:52,358 - INFO - WelcomeCog has been added to the bot.
2025-01-06 09:58:47,845 - INFO - WelcomeCog has been added to the bot.
2025-01-06 10:07:01,722 - INFO - WelcomeCog has been added to the bot.
2025-01-06 13:26:50,730 - INFO - WelcomeCog has been added to the bot.
2025-01-06 14:16:31,329 - INFO - WelcomeCog has been added to the bot.
2025-01-06 14:17:06,459 - INFO - WelcomeCog has been added to the bot.
2025-01-06 14:21:20,083 - INFO - WelcomeCog has been added to the bot.
2025-01-06 14:30:06,008 - INFO - WelcomeCog has been added to the bot.
2025-01-06 15:05:33,510 - INFO - WelcomeCog has been added to the bot.
2025-01-06 15:10:42,310 - INFO - WelcomeCog has been added to the bot.
2025-01-06 17:10:26,275 - INFO - WelcomeCog has been added to the bot.
2025-01-06 17:14:09,180 - INFO - WelcomeCog has been added to the bot.
2025-01-06 17:18:29,810 - INFO - WelcomeCog has been added to the bot.
2025-01-06 17:20:10,294 - INFO - WelcomeCog has been added to the bot.
2025-01-06 17:22:12,567 - INFO - WelcomeCog has been added to the bot.
2025-01-06 17:28:58,986 - INFO - WelcomeCog has been added to the bot.
2025-01-06 17:35:34,291 - INFO - WelcomeCog has been added to the bot.
2025-01-06 17:39:50,480 - INFO - WelcomeCog has been added to the bot.
2025-01-06 17:54:29,443 - INFO - WelcomeCog has been added to the bot.
2025-01-06 17:59:18,585 - INFO - WelcomeCog has been added to the bot.
2025-01-06 18:00:42,476 - INFO - WelcomeCog has been added to the bot.
2025-01-06 18:02:26,359 - INFO - WelcomeCog has been added to the bot.
2025-01-06 18:05:38,317 - INFO - WelcomeCog has been added to the bot.
2025-01-06 18:13:42,581 - INFO - WelcomeCog has been added to the bot.
2025-01-06 18:17:26,641 - INFO - WelcomeCog has been added to the bot.
2025-01-06 18:18:09,528 - INFO - WelcomeCog has been added to the bot.
2025-01-06 18:21:36,637 - INFO - WelcomeCog has been added to the bot.
2025-01-07 13:53:40,057 - INFO - WelcomeCog has been added to the bot.
2025-01-07 13:58:59,278 - INFO - WelcomeCog has been added to the bot.
2025-01-07 14:00:13,011 - INFO - WelcomeCog has been added to the bot.
2025-01-07 14:03:14,855 - INFO - WelcomeCog has been added to the bot.
2025-01-07 14:06:43,353 - INFO - WelcomeCog has been added to the bot.
2025-01-07 14:08:20,368 - INFO - WelcomeCog has been added to the bot.
2025-01-07 14:25:11,762 - INFO - WelcomeCog has been added to the bot.
2025-01-07 14:32:18,675 - INFO - WelcomeCog has been added to the bot.
2025-01-07 14:36:52,673 - INFO - WelcomeCog has been added to the bot.
2025-01-07 14:42:10,133 - INFO - WelcomeCog has been added to the bot.
2025-01-07 14:45:02,297 - INFO - WelcomeCog has been added to the bot.
2025-01-07 14:57:33,619 - INFO - WelcomeCog has been added to the bot.
2025-01-07 15:04:17,027 - INFO - WelcomeCog has been added to the bot.
2025-01-07 15:12:00,675 - INFO - WelcomeCog has been added to the bot.
2025-01-07 15:14:51,843 - INFO - WelcomeCog has been added to the bot.
2025-01-07 15:20:43,307 - INFO - WelcomeCog has been added to the bot.
2025-01-08 07:09:30,683 - INFO - Sent welcome DM to solmanic.
2025-01-08 07:28:00,674 - INFO - 'Associate' button clicked by solmanic.
2025-01-08 07:28:04,327 - ERROR - Error during associate onboarding for solmanic: 404 Not Found (error code: 10062): Unknown interaction
2025-01-08 07:28:04,601 - ERROR - Failed to send error message to user: 404 Not Found (error code: 10062): Unknown interaction
2025-01-08 07:28:05,781 - INFO - 'Associate' button clicked by solmanic.
2025-01-08 07:28:06,674 - INFO - Displayed OnboardingSurveyModal to user solmanic with row_id i-mvLufCgBTI.
2025-01-08 07:31:49,979 - INFO - 'Associate' button clicked by solmanic.
2025-01-08 07:31:51,122 - INFO - Displayed OnboardingSurveyModal to user solmanic with row_id i-mvLufCgBTI.
2025-01-08 07:37:28,402 - INFO - 'Associate' button clicked by solmanic.
2025-01-08 07:37:29,178 - INFO - Displayed OnboardingSurveyModal to user solmanic with row_id i-mvLufCgBTI.
2025-01-08 07:39:29,953 - INFO - 'Associate' button clicked by solmanic.
2025-01-08 07:39:30,566 - INFO - Displayed OnboardingSurveyModal to user solmanic with row_id i-mvLufCgBTI.
2025-01-09 10:03:58,384 - INFO - WelcomeCog has been added to the bot.
2025-01-09 10:06:04,980 - INFO - WelcomeCog has been added to the bot.
2025-01-09 10:07:34,665 - INFO - WelcomeCog has been added to the bot.
2025-01-09 10:10:56,019 - INFO - WelcomeCog has been added to the bot.
2025-01-09 10:13:04,854 - INFO - WelcomeCog has been added to the bot.
2025-01-09 10:19:02,033 - INFO - WelcomeCog has been added to the bot.
2025-01-09 10:20:17,641 - INFO - WelcomeCog has been added to the bot.
2025-01-09 10:35:04,814 - INFO - WelcomeCog has been added to the bot.
2025-01-09 10:38:38,600 - INFO - WelcomeCog has been added to the bot.
2025-01-09 10:39:59,057 - INFO - WelcomeCog has been added to the bot.
2025-01-09 10:44:52,635 - INFO - WelcomeCog has been added to the bot.
2025-01-09 10:46:31,337 - INFO - WelcomeCog has been added to the bot.
2025-01-09 10:48:15,060 - INFO - WelcomeCog has been added to the bot.
2025-01-09 10:53:20,472 - INFO - WelcomeCog has been added to the bot.
2025-01-09 10:53:57,999 - INFO - WelcomeCog has been added to the bot.
2025-01-09 10:54:22,064 - INFO - WelcomeCog has been added to the bot.
2025-01-09 11:24:33,474 - INFO - WelcomeCog has been added to the bot.
2025-01-09 11:28:44,812 - INFO - WelcomeCog has been added to the bot.
2025-01-09 11:31:20,613 - INFO - WelcomeCog has been added to the bot.
2025-01-09 11:45:32,163 - INFO - WelcomeCog has been added to the bot.
2025-01-10 15:33:33,049 - INFO - WelcomeCog has been added to the bot.
2025-01-10 15:35:22,597 - INFO - WelcomeCog has been added to the bot.
2025-01-10 15:39:04,060 - INFO - WelcomeCog has been added to the bot.
2025-01-10 15:42:30,742 - INFO - WelcomeCog has been added to the bot.
2025-01-10 15:44:17,096 - INFO - WelcomeCog has been added to the bot.
2025-01-11 13:59:11,959 - INFO - WelcomeCog has been added to the bot.
2025-01-11 14:01:49,847 - INFO - WelcomeCog has been added to the bot.
2025-01-11 14:03:50,817 - INFO - WelcomeCog has been added to the bot.
2025-01-11 14:05:54,468 - INFO - WelcomeCog has been added to the bot.
2025-01-11 14:08:27,512 - INFO - WelcomeCog has been added to the bot.
2025-01-11 14:21:23,587 - INFO - WelcomeCog has been added to the bot.
2025-01-11 14:40:50,554 - INFO - WelcomeCog has been added to the bot.
2025-01-11 14:45:54,820 - INFO - WelcomeCog has been added to the bot.
2025-01-11 14:48:23,691 - INFO - WelcomeCog has been added to the bot.
2025-01-11 14:52:01,241 - INFO - WelcomeCog has been added to the bot.
2025-01-11 14:55:56,284 - INFO - WelcomeCog has been added to the bot.
2025-01-11 14:56:38,201 - INFO - WelcomeCog has been added to the bot.
2025-01-11 15:18:42,929 - INFO - WelcomeCog has been added to the bot.
2025-01-11 15:59:14,708 - INFO - WelcomeCog has been added to the bot.
2025-01-11 20:25:38,765 - INFO - WelcomeCog has been added to the bot.
2025-01-12 09:11:29,183 - INFO - WelcomeCog has been added to the bot.
2025-01-13 06:52:23,923 - INFO - WelcomeCog has been added to the bot.
2025-01-13 06:55:54,329 - INFO - WelcomeCog has been added to the bot.
2025-01-13 06:58:54,603 - INFO - WelcomeCog has been added to the bot.
2025-01-13 07:01:09,567 - INFO - WelcomeCog has been added to the bot.
2025-01-13 07:03:11,294 - INFO - WelcomeCog has been added to the bot.
2025-01-13 07:12:19,648 - INFO - WelcomeCog has been added to the bot.
2025-01-13 07:18:40,578 - INFO - WelcomeCog has been added to the bot.
2025-01-13 10:58:22,496 - INFO - WelcomeCog has been added to the bot.
2025-01-13 11:04:00,078 - INFO - WelcomeCog has been added to the bot.
2025-01-13 11:17:39,292 - INFO - WelcomeCog has been added to the bot.
2025-01-13 11:19:09,316 - INFO - WelcomeCog has been added to the bot.
2025-01-13 11:23:24,133 - INFO - WelcomeCog has been added to the bot.
2025-01-13 11:32:59,245 - INFO - WelcomeCog has been added to the bot.
2025-01-13 11:35:33,728 - INFO - WelcomeCog has been added to the bot.
2025-01-13 11:42:30,880 - INFO - WelcomeCog has been added to the bot.
2025-01-13 11:49:52,487 - INFO - WelcomeCog has been added to the bot.
2025-01-13 11:51:36,407 - INFO - WelcomeCog has been added to the bot.
2025-01-13 11:54:28,144 - INFO - WelcomeCog has been added to the bot.
2025-01-13 11:54:58,340 - INFO - WelcomeCog has been added to the bot.
2025-01-13 11:57:16,349 - INFO - WelcomeCog has been added to the bot.
2025-01-13 11:59:28,117 - INFO - WelcomeCog has been added to the bot.
2025-01-13 12:01:41,277 - INFO - WelcomeCog has been added to the bot.
2025-01-13 12:33:14,081 - INFO - WelcomeCog has been added to the bot.
2025-01-13 12:34:36,741 - INFO - WelcomeCog has been added to the bot.
2025-01-13 12:50:11,091 - INFO - WelcomeCog has been added to the bot.
2025-01-13 13:05:07,623 - INFO - WelcomeCog has been added to the bot.
2025-01-13 13:10:15,758 - INFO - WelcomeCog has been added to the bot.
2025-01-13 13:17:53,246 - INFO - WelcomeCog has been added to the bot.
2025-01-13 13:20:48,422 - INFO - WelcomeCog has been added to the bot.
2025-01-13 13:33:41,489 - INFO - WelcomeCog has been added to the bot.
2025-01-13 13:54:36,184 - INFO - WelcomeCog has been added to the bot.
2025-01-13 13:58:37,316 - INFO - WelcomeCog has been added to the bot.
2025-01-13 14:04:18,509 - INFO - WelcomeCog has been added to the bot.
2025-01-13 14:24:34,035 - INFO - WelcomeCog has been added to the bot.
2025-01-13 14:59:34,625 - INFO - WelcomeCog has been added to the bot.
2025-01-13 15:34:43,553 - INFO - WelcomeCog has been added to the bot.
2025-01-13 17:08:34,029 - INFO - WelcomeCog has been added to the bot.
2025-01-13 19:51:01,479 - INFO - WelcomeCog has been added to the bot.
2025-01-13 20:20:08,557 - INFO - WelcomeCog has been added to the bot.
2025-01-13 20:28:51,574 - INFO - WelcomeCog has been added to the bot.
2025-01-13 20:38:49,071 - INFO - WelcomeCog has been added to the bot.
2025-01-14 07:44:08,893 - INFO - WelcomeCog has been added to the bot.
2025-01-14 08:14:51,141 - INFO - WelcomeCog has been added to the bot.
2025-01-14 08:27:39,808 - INFO - Sent welcome DM to darkassassin132.
2025-01-14 08:46:12,070 - INFO - WelcomeCog has been added to the bot.
2025-01-14 09:53:34,416 - INFO - WelcomeCog has been added to the bot.
2025-01-14 10:34:06,574 - INFO - WelcomeCog has been added to the bot.
2025-01-14 10:44:04,865 - INFO - WelcomeCog has been added to the bot.
2025-01-14 11:09:52,759 - INFO - WelcomeCog has been added to the bot.
2025-01-14 11:10:45,419 - INFO - WelcomeCog has been added to the bot.
2025-01-14 12:42:46,058 - INFO - WelcomeCog has been added to the bot.
2025-01-14 13:05:44,250 - INFO - WelcomeCog has been added to the bot.
2025-01-14 13:20:54,849 - INFO - WelcomeCog has been added to the bot.
2025-01-14 14:28:08,981 - INFO - WelcomeCog has been added to the bot.
2025-01-14 15:39:00,687 - INFO - WelcomeCog has been added to the bot.
2025-01-15 07:46:15,420 - INFO - WelcomeCog has been added to the bot.
2025-01-15 09:29:07,997 - INFO - WelcomeCog has been added to the bot.
2025-01-15 09:32:46,414 - INFO - WelcomeCog has been added to the bot.
2025-01-15 09:37:22,276 - INFO - WelcomeCog has been added to the bot.
2025-01-16 21:23:51,550 - INFO - WelcomeCog has been added to the bot.
2025-01-17 09:34:34,641 - INFO - WelcomeCog has been added to the bot.
2025-01-17 09:36:59,069 - INFO - WelcomeCog has been added to the bot.
2025-01-17 09:38:25,070 - INFO - WelcomeCog has been added to the bot.
2025-01-17 09:39:26,537 - INFO - WelcomeCog has been added to the bot.
2025-01-17 09:46:55,530 - INFO - WelcomeCog has been added to the bot.
2025-01-17 09:52:02,982 - INFO - WelcomeCog has been added to the bot.
2025-01-18 00:08:10,755 - INFO - Sent welcome DM to runamok6779.
2025-01-18 01:08:11,199 - WARNING - Could not send timeout message to runamok6779
2025-01-24 19:13:16,276 - INFO - WelcomeCog has been added to the bot.
2025-01-29 12:48:41,966 - INFO - Sent welcome DM to kellurian.
2025-01-29 12:48:46,154 - INFO - 'Associate' button clicked by kellurian.
2025-01-29 12:48:49,787 - ERROR - Error during associate onboarding for kellurian: 404 Not Found (error code: 10062): Unknown interaction
2025-01-29 12:48:50,012 - ERROR - Failed to send error message to user: 404 Not Found (error code: 10062): Unknown interaction
2025-01-29 12:48:58,644 - INFO - 'Associate' button clicked by kellurian.
2025-01-29 12:49:02,118 - ERROR - Error during associate onboarding for kellurian: 404 Not Found (error code: 10062): Unknown interaction
2025-01-29 12:49:02,327 - ERROR - Failed to send error message to user: 404 Not Found (error code: 10062): Unknown interaction
2025-01-29 12:50:32,587 - INFO - Sent welcome DM to richonnes.
2025-01-29 12:52:12,803 - INFO - 'Associate' button clicked by richonnes.
2025-01-29 12:52:19,020 - ERROR - Error during associate onboarding for richonnes: 404 Not Found (error code: 10062): Unknown interaction
2025-01-29 12:52:19,138 - INFO - 'Member' button clicked by richonnes.
2025-01-29 12:52:19,255 - ERROR - Failed to send error message to user: 404 Not Found (error code: 10062): Unknown interaction
2025-01-29 12:52:25,441 - ERROR - Error during member onboarding for richonnes: 404 Not Found (error code: 10062): Unknown interaction
2025-01-29 12:52:25,600 - ERROR - Failed to send error message to user: 404 Not Found (error code: 10062): Unknown interaction
2025-01-29 13:00:41,986 - INFO - WelcomeCog has been added to the bot.
2025-01-30 17:46:51,376 - INFO - Sent welcome DM to boomer7370.
2025-01-30 17:47:38,667 - INFO - 'Associate' button clicked by boomer7370.
2025-01-30 17:47:38,668 - ERROR - Error during associate onboarding for boomer7370: 'OnboardingCog' object has no attribute 'row_creation_lock'
Traceback (most recent call last):
  File "/home/owner/Documents/cogs/welcome.py", line 132, in _handle_onboarding
    row_id = await onboarding_cog.get_or_create_row_id(self.member, role_type)
  File "/home/owner/Documents/cogs/onboarding.py", line 418, in get_or_create_row_id
    async with self.row_creation_lock:  # Prevent race conditions
AttributeError: 'OnboardingCog' object has no attribute 'row_creation_lock'
2025-01-31 13:13:00,261 - INFO - Sent welcome DM to imroot81.
2025-01-31 13:13:10,122 - INFO - 'Associate' button clicked by imroot81.
2025-01-31 13:13:10,123 - ERROR - Error during associate onboarding for imroot81: 'OnboardingCog' object has no attribute 'row_creation_lock'
Traceback (most recent call last):
  File "/home/owner/Documents/cogs/welcome.py", line 132, in _handle_onboarding
    row_id = await onboarding_cog.get_or_create_row_id(self.member, role_type)
  File "/home/owner/Documents/cogs/onboarding.py", line 418, in get_or_create_row_id
    async with self.row_creation_lock:  # Prevent race conditions
AttributeError: 'OnboardingCog' object has no attribute 'row_creation_lock'
2025-02-01 07:15:52,374 - INFO - Sent welcome DM to wolf258.
2025-02-01 07:16:16,559 - INFO - 'Member' button clicked by wolf258.
2025-02-01 07:16:16,560 - ERROR - Error during member onboarding for wolf258: 'OnboardingCog' object has no attribute 'row_creation_lock'
Traceback (most recent call last):
  File "/home/owner/Documents/cogs/welcome.py", line 132, in _handle_onboarding
    row_id = await onboarding_cog.get_or_create_row_id(self.member, role_type)
  File "/home/owner/Documents/cogs/onboarding.py", line 418, in get_or_create_row_id
    async with self.row_creation_lock:  # Prevent race conditions
AttributeError: 'OnboardingCog' object has no attribute 'row_creation_lock'
2025-02-01 07:16:52,431 - INFO - 'Member' button clicked by wolf258.
2025-02-01 07:16:52,432 - ERROR - Error during member onboarding for wolf258: 'OnboardingCog' object has no attribute 'row_creation_lock'
Traceback (most recent call last):
  File "/home/owner/Documents/cogs/welcome.py", line 132, in _handle_onboarding
    row_id = await onboarding_cog.get_or_create_row_id(self.member, role_type)
  File "/home/owner/Documents/cogs/onboarding.py", line 418, in get_or_create_row_id
    async with self.row_creation_lock:  # Prevent race conditions
AttributeError: 'OnboardingCog' object has no attribute 'row_creation_lock'
2025-02-01 07:18:52,249 - INFO - 'Member' button clicked by wolf258.
2025-02-01 07:18:52,250 - ERROR - Error during member onboarding for wolf258: 'OnboardingCog' object has no attribute 'row_creation_lock'
Traceback (most recent call last):
  File "/home/owner/Documents/cogs/welcome.py", line 132, in _handle_onboarding
    row_id = await onboarding_cog.get_or_create_row_id(self.member, role_type)
  File "/home/owner/Documents/cogs/onboarding.py", line 418, in get_or_create_row_id
    async with self.row_creation_lock:  # Prevent race conditions
AttributeError: 'OnboardingCog' object has no attribute 'row_creation_lock'
2025-02-01 10:33:33,728 - INFO - WelcomeCog has been added to the bot.
2025-02-01 10:42:00,795 - INFO - WelcomeCog has been added to the bot.
2025-02-02 12:39:49,285 - INFO - WelcomeCog has been added to the bot.
2025-02-02 12:48:27,171 - INFO - WelcomeCog has been added to the bot.
2025-02-02 16:35:26,566 - INFO - Sent welcome DM to gruntoom.
2025-02-03 02:32:14,557 - INFO - Sent welcome DM to zendekfalgir.
2025-02-03 02:32:28,796 - INFO - 'Member' button clicked by zendekfalgir.
2025-02-03 02:32:28,797 - ERROR - Error during member onboarding for zendekfalgir: 'OnboardingCog' object has no attribute 'row_creation_lock'
Traceback (most recent call last):
  File "/home/owner/Documents/cogs/welcome.py", line 132, in _handle_onboarding
    row_id = await onboarding_cog.get_or_create_row_id(self.member, role_type)
  File "/home/owner/Documents/cogs/onboarding.py", line 418, in get_or_create_row_id
    async with self.row_creation_lock:  # Prevent race conditions
AttributeError: 'OnboardingCog' object has no attribute 'row_creation_lock'
2025-02-03 06:49:17,365 - INFO - WelcomeCog has been added to the bot.
2025-02-03 22:11:26,424 - INFO - Sent welcome DM to sofakingchatty.
2025-02-03 22:11:44,186 - INFO - 'Associate' button clicked by sofakingchatty.
2025-02-03 22:11:46,111 - INFO - Displayed OnboardingSurveyModal to user sofakingchatty with row_id i-py6wkpA_FQ.
2025-02-03 22:17:36,690 - INFO - Sent welcome DM to lordkamaq.
2025-02-03 22:17:40,237 - INFO - 'Associate' button clicked by lordkamaq.
2025-02-03 22:17:41,840 - INFO - Sent welcome DM to thomhanx.
2025-02-03 22:17:42,002 - INFO - Displayed OnboardingSurveyModal to user lordkamaq with row_id i-Spwfy40-_k.
2025-02-03 22:18:00,109 - INFO - 'Associate' button clicked by thomhanx.
2025-02-03 22:18:04,127 - ERROR - Interaction expired for thomhanx when trying to show modal
2025-02-03 22:18:10,618 - INFO - 'Associate' button clicked by lordkamaq.
2025-02-03 22:18:12,753 - INFO - Displayed OnboardingSurveyModal to user lordkamaq with row_id i-icaiWJ2BwL.
2025-02-03 22:18:18,222 - INFO - 'Associate' button clicked by thomhanx.
2025-02-03 22:18:20,189 - INFO - Displayed OnboardingSurveyModal to user thomhanx with row_id i-sITY2HQh6v.
2025-02-03 22:18:45,406 - INFO - 'Associate' button clicked by lordkamaq.
2025-02-03 22:18:46,793 - INFO - Displayed OnboardingSurveyModal to user lordkamaq with row_id i-Spwfy40-_k.
2025-02-03 22:19:15,751 - INFO - 'Associate' button clicked by lordkamaq.
2025-02-03 22:19:19,987 - ERROR - Interaction expired for lordkamaq when trying to show modal
2025-02-03 22:19:22,575 - INFO - 'Associate' button clicked by lordkamaq.
2025-02-03 22:19:23,804 - INFO - Displayed OnboardingSurveyModal to user lordkamaq with row_id i-Spwfy40-_k.
2025-02-03 22:23:42,928 - INFO - Sent welcome DM to adamn58.
2025-02-03 22:24:41,470 - INFO - Sent welcome DM to bedwedr.
2025-02-03 22:24:48,921 - INFO - Sent welcome DM to mill5y.
2025-02-03 22:25:08,843 - INFO - 'Associate' button clicked by mill5y.
2025-02-03 22:25:13,410 - INFO - 'Associate' button clicked by bedwedr.
2025-02-03 22:25:14,174 - ERROR - Interaction expired for mill5y when trying to show modal
2025-02-03 22:25:16,102 - INFO - Displayed OnboardingSurveyModal to user bedwedr with row_id i-SSwVdYF7Zo.
2025-02-03 22:25:36,378 - INFO - 'Member' button clicked by mill5y.
2025-02-03 22:25:37,962 - INFO - Displayed OnboardingSurveyModal to user mill5y with row_id i-TKdjFBZdme.
2025-02-03 22:25:46,084 - INFO - 'Associate' button clicked by mill5y.
2025-02-03 22:25:46,624 - INFO - Displayed OnboardingSurveyModal to user mill5y with row_id i-TKdjFBZdme.
2025-02-03 22:26:34,914 - INFO - 'Associate' button clicked by adamn58.
2025-02-03 22:26:36,647 - INFO - Displayed OnboardingSurveyModal to user adamn58 with row_id i-vTBTy_Nn4m.
2025-02-03 22:27:53,557 - INFO - Sent welcome DM to corsair1595.
2025-02-03 22:28:11,026 - INFO - 'Associate' button clicked by corsair1595.
2025-02-03 22:28:12,747 - INFO - Displayed OnboardingSurveyModal to user corsair1595 with row_id i-CvS-3TSAuT.
2025-02-03 22:30:11,579 - INFO - Sent welcome DM to jyo777.
2025-02-03 22:31:41,449 - INFO - Sent welcome DM to mill5y.
2025-02-03 22:32:26,921 - INFO - 'Associate' button clicked by jyo777.
2025-02-03 22:32:33,048 - ERROR - Interaction expired for jyo777 when trying to show modal
2025-02-03 22:32:33,281 - INFO - 'Member' button clicked by jyo777.
2025-02-03 22:32:55,029 - INFO - 'Associate' button clicked by jyo777.
2025-02-03 22:32:59,640 - INFO - 'Member' button clicked by jyo777.
2025-02-03 22:33:09,564 - ERROR - Interaction expired for jyo777 when trying to show modal
2025-02-03 22:33:09,986 - ERROR - Interaction expired for jyo777 when trying to show modal
2025-02-03 22:33:10,035 - ERROR - Interaction expired for jyo777 when trying to show modal
2025-02-03 22:34:25,790 - INFO - 'Associate' button clicked by jyo777.
2025-02-03 22:34:29,137 - ERROR - Interaction expired for jyo777 when trying to show modal
2025-02-03 23:11:44,571 - WARNING - Could not send timeout message to sofakingchatty
2025-02-03 23:18:18,658 - WARNING - Could not send timeout message to thomhanx
2025-02-03 23:19:22,995 - WARNING - Could not send timeout message to lordkamaq
2025-02-03 23:25:46,854 - WARNING - Could not send timeout message to mill5y
2025-02-03 23:26:35,332 - WARNING - Could not send timeout message to adamn58
2025-02-03 23:28:11,936 - WARNING - Could not send timeout message to corsair1595
2025-02-03 23:31:42,002 - WARNING - Could not send timeout message to mill5y
2025-02-04 07:58:15,113 - INFO - Sent welcome DM to thehangman8112.
2025-02-04 07:59:18,064 - INFO - 'Member' button clicked by thehangman8112.
2025-02-04 07:59:19,897 - INFO - Displayed OnboardingSurveyModal to user thehangman8112 with row_id i-i7h-7DBest.
2025-02-04 08:02:28,481 - INFO - 'Member' button clicked by thehangman8112.
2025-02-04 08:02:29,488 - INFO - Displayed OnboardingSurveyModal to user thehangman8112 with row_id i-i7h-7DBest.
2025-02-05 09:25:51,153 - INFO - WelcomeCog has been added to the bot.
2025-02-07 07:48:21,178 - INFO - WelcomeCog has been added to the bot.
2025-02-07 07:54:28,827 - INFO - WelcomeCog has been added to the bot.
2025-02-07 12:03:05,589 - INFO - WelcomeCog has been added to the bot.
2025-02-07 12:10:22,094 - INFO - WelcomeCog has been added to the bot.
2025-02-08 09:59:07,095 - INFO - WelcomeCog has been added to the bot.
2025-02-09 12:59:34,436 - INFO - Sent welcome DM to midknight..
2025-02-09 12:59:34,907 - INFO - Sent staff notification for new member midknight.
2025-02-09 13:03:38,317 - INFO - 'Associate' button clicked by midknight..
2025-02-09 13:03:38,775 - INFO - Displayed OnboardingSurveyModal to user midknight. with row_id i-wzxnxYgDfT.
2025-02-09 13:04:11,769 - INFO - 'Associate' button clicked by midknight..
2025-02-09 13:04:14,741 - INFO - Displayed OnboardingSurveyModal to user midknight. with row_id i-wzxnxYgDfT.
2025-02-09 16:13:50,638 - INFO - WelcomeCog has been added to the bot.
2025-02-09 16:15:29,859 - INFO - WelcomeCog has been added to the bot.
2025-02-09 16:21:51,857 - INFO - WelcomeCog has been added to the bot.
2025-02-09 16:30:52,674 - INFO - WelcomeCog has been added to the bot.
2025-02-10 08:45:18,909 - INFO - WelcomeCog has been added to the bot.
2025-02-10 10:28:46,883 - INFO - Sent welcome DM to nookian.
2025-02-10 10:28:47,096 - INFO - Sent staff notification for new member nookian
2025-02-10 11:28:47,530 - WARNING - Could not send timeout message to nookian
2025-02-10 13:54:56,738 - INFO - WelcomeCog has been added to the bot.
2025-02-10 14:40:03,940 - INFO - WelcomeCog has been added to the bot.
2025-02-10 14:42:39,606 - INFO - WelcomeCog has been added to the bot.
2025-02-10 14:49:08,992 - INFO - WelcomeCog has been added to the bot.
2025-02-10 14:52:11,379 - INFO - WelcomeCog has been added to the bot.
2025-02-10 14:56:25,160 - INFO - WelcomeCog has been added to the bot.
2025-02-10 14:57:09,718 - INFO - WelcomeCog has been added to the bot.
2025-02-10 15:05:48,777 - INFO - WelcomeCog has been added to the bot.
2025-02-10 15:12:47,193 - INFO - WelcomeCog has been added to the bot.
2025-02-10 15:16:29,425 - INFO - WelcomeCog has been added to the bot.
2025-02-10 15:20:36,962 - INFO - WelcomeCog has been added to the bot.
2025-02-10 16:27:41,924 - INFO - WelcomeCog has been added to the bot.
2025-02-10 16:33:06,488 - INFO - WelcomeCog has been added to the bot.
2025-02-10 16:40:12,980 - INFO - WelcomeCog has been added to the bot.
2025-02-10 19:08:01,771 - INFO - Sent welcome DM to krashkomplex.
2025-02-10 19:08:02,073 - INFO - Sent staff notification for new member krashkomplex
2025-02-10 19:10:47,774 - INFO - 'Member' button clicked by krashkomplex.
2025-02-10 19:10:49,818 - INFO - Displayed OnboardingSurveyModal to user krashkomplex with row_id i-4qSS2yDbVz.
2025-02-10 19:11:24,852 - INFO - WelcomeCog has been added to the bot.
2025-02-11 06:56:23,222 - INFO - WelcomeCog has been added to the bot.
2025-02-11 07:09:20,517 - INFO - WelcomeCog has been added to the bot.
2025-02-11 07:10:45,509 - INFO - WelcomeCog has been added to the bot.
2025-02-13 11:31:23,311 - INFO - WelcomeCog has been added to the bot.
2025-02-13 12:03:26,691 - INFO - WelcomeCog has been added to the bot.
2025-02-14 10:41:53,379 - INFO - WelcomeCog has been added to the bot.
2025-02-14 13:13:53,372 - INFO - WelcomeCog has been added to the bot.
2025-02-14 13:21:23,145 - INFO - WelcomeCog has been added to the bot.
2025-02-14 13:23:17,791 - INFO - WelcomeCog has been added to the bot.
2025-02-14 13:30:56,146 - INFO - WelcomeCog has been added to the bot.
2025-02-14 13:37:05,783 - INFO - WelcomeCog has been added to the bot.
2025-02-14 13:48:04,133 - INFO - WelcomeCog has been added to the bot.
2025-02-14 17:55:54,799 - INFO - WelcomeCog has been added to the bot.
2025-02-15 06:31:45,988 - INFO - WelcomeCog has been added to the bot.
2025-02-16 15:31:25,583 - INFO - Sent welcome DM to ghestal.
2025-02-16 15:31:25,834 - INFO - Sent staff notification for new member ghestal
2025-02-16 15:31:34,350 - INFO - 'Associate' button clicked by ghestal.
2025-02-16 15:31:36,085 - INFO - Displayed OnboardingSurveyModal to user ghestal with row_id i-F8NYYssFtS.
2025-02-16 15:38:37,049 - INFO - WelcomeCog has been added to the bot.
2025-02-16 19:05:58,524 - INFO - Sent welcome DM to mrrainuvu.
2025-02-16 19:05:58,836 - INFO - Sent staff notification for new member mrrainuvu
2025-02-16 19:07:38,676 - INFO - 'Member' button clicked by mrrainuvu.
2025-02-16 19:07:38,676 - ERROR - OnboardingCog not found.
2025-02-16 19:08:01,750 - INFO - 'Associate' button clicked by mrrainuvu.
2025-02-16 19:08:01,750 - ERROR - OnboardingCog not found.
2025-02-16 19:11:12,355 - INFO - WelcomeCog has been added to the bot.
2025-02-16 20:05:54,080 - INFO - Sent welcome DM to mishquam.
2025-02-16 20:05:54,274 - INFO - Sent staff notification for new member mishquam
2025-02-16 20:06:10,612 - INFO - 'Associate' button clicked by mishquam.
2025-02-16 20:06:10,612 - ERROR - OnboardingCog not found. Please ensure it is loaded before new members join.
2025-02-16 20:40:20,272 - INFO - WelcomeCog has been added to the bot.
2025-02-16 20:46:56,036 - INFO - WelcomeCog has been added to the bot.
2025-02-16 20:59:20,001 - INFO - WelcomeCog has been added to the bot.
2025-02-16 22:45:24,991 - INFO - WelcomeCog has been added to the bot.
2025-02-16 22:48:30,078 - INFO - WelcomeCog has been added to the bot.
2025-02-16 22:54:52,948 - INFO - WelcomeCog has been added to the bot.
2025-02-17 10:18:57,405 - INFO - Sent welcome DM to jay_uk.
2025-02-17 10:18:57,636 - INFO - Sent staff notification for new member jay_uk
2025-02-17 10:19:28,017 - INFO - 'Member' button clicked by jay_uk.
2025-02-17 10:30:33,218 - INFO - WelcomeCog has been added to the bot.
2025-02-17 10:39:02,918 - INFO - WelcomeCog has been added to the bot.
2025-02-17 10:52:00,290 - INFO - WelcomeCog has been added to the bot.
2025-02-17 14:58:27,590 - INFO - Sent welcome DM to agentlless.
2025-02-17 14:58:27,781 - INFO - Sent staff notification for new member agentlless
2025-02-17 14:58:45,666 - INFO - 'Member' button clicked by agentlless.
2025-02-17 14:58:48,847 - ERROR - Error during member onboarding for agentlless: 404 Not Found (error code: 10015): Unknown Webhook
Traceback (most recent call last):
  File "/home/hlnbot/Documents/cogs/onboarding.py", line 288, in handle_onboarding_start
    await interaction.followup.send(
  File "/home/hlnbot/.local/lib/python3.10/site-packages/discord/webhook/async_.py", line 1843, in send
    data = await adapter.execute_webhook(
  File "/home/hlnbot/.local/lib/python3.10/site-packages/discord/webhook/async_.py", line 221, in request
    raise NotFound(response, data)
discord.errors.NotFound: 404 Not Found (error code: 10015): Unknown Webhook

During handling of the above exception, another exception occurred:

Traceback (most recent call last):
  File "/home/hlnbot/Documents/cogs/welcome.py", line 175, in _handle_onboarding
    await onboarding_cog.handle_onboarding_start(interaction, role_type.value)
  File "/home/hlnbot/Documents/cogs/onboarding.py", line 294, in handle_onboarding_start
    await interaction.followup.send(
  File "/home/hlnbot/.local/lib/python3.10/site-packages/discord/webhook/async_.py", line 1843, in send
    data = await adapter.execute_webhook(
  File "/home/hlnbot/.local/lib/python3.10/site-packages/discord/webhook/async_.py", line 221, in request
    raise NotFound(response, data)
discord.errors.NotFound: 404 Not Found (error code: 10015): Unknown Webhook
2025-02-17 17:41:22,631 - INFO - WelcomeCog has been added to the bot.
2025-02-17 17:45:39,145 - INFO - Sent welcome DM to d33j.
2025-02-17 17:45:39,366 - INFO - Sent staff notification for new member d33j
2025-02-17 17:45:50,588 - INFO - 'Associate' button clicked by d33j.
2025-02-17 17:45:53,974 - ERROR - Error during associate onboarding for d33j: 404 Not Found (error code: 10015): Unknown Webhook
Traceback (most recent call last):
  File "/home/hlnbot/Documents/cogs/onboarding.py", line 288, in handle_onboarding_start
    await interaction.followup.send(
  File "/home/hlnbot/.local/lib/python3.10/site-packages/discord/webhook/async_.py", line 1843, in send
    data = await adapter.execute_webhook(
  File "/home/hlnbot/.local/lib/python3.10/site-packages/discord/webhook/async_.py", line 221, in request
    raise NotFound(response, data)
discord.errors.NotFound: 404 Not Found (error code: 10015): Unknown Webhook

During handling of the above exception, another exception occurred:

Traceback (most recent call last):
  File "/home/hlnbot/Documents/cogs/welcome.py", line 175, in _handle_onboarding
    await onboarding_cog.handle_onboarding_start(interaction, role_type.value)
  File "/home/hlnbot/Documents/cogs/onboarding.py", line 294, in handle_onboarding_start
    await interaction.followup.send(
  File "/home/hlnbot/.local/lib/python3.10/site-packages/discord/webhook/async_.py", line 1843, in send
    data = await adapter.execute_webhook(
  File "/home/hlnbot/.local/lib/python3.10/site-packages/discord/webhook/async_.py", line 221, in request
    raise NotFound(response, data)
discord.errors.NotFound: 404 Not Found (error code: 10015): Unknown Webhook
2025-02-17 17:47:00,988 - INFO - 'Associate' button clicked by d33j.
2025-02-17 17:47:04,406 - ERROR - Error during associate onboarding for d33j: 404 Not Found (error code: 10015): Unknown Webhook
Traceback (most recent call last):
  File "/home/hlnbot/Documents/cogs/onboarding.py", line 288, in handle_onboarding_start
    await interaction.followup.send(
  File "/home/hlnbot/.local/lib/python3.10/site-packages/discord/webhook/async_.py", line 1843, in send
    data = await adapter.execute_webhook(
  File "/home/hlnbot/.local/lib/python3.10/site-packages/discord/webhook/async_.py", line 221, in request
    raise NotFound(response, data)
discord.errors.NotFound: 404 Not Found (error code: 10015): Unknown Webhook

During handling of the above exception, another exception occurred:

Traceback (most recent call last):
  File "/home/hlnbot/Documents/cogs/welcome.py", line 175, in _handle_onboarding
    await onboarding_cog.handle_onboarding_start(interaction, role_type.value)
  File "/home/hlnbot/Documents/cogs/onboarding.py", line 294, in handle_onboarding_start
    await interaction.followup.send(
  File "/home/hlnbot/.local/lib/python3.10/site-packages/discord/webhook/async_.py", line 1843, in send
    data = await adapter.execute_webhook(
  File "/home/hlnbot/.local/lib/python3.10/site-packages/discord/webhook/async_.py", line 221, in request
    raise NotFound(response, data)
discord.errors.NotFound: 404 Not Found (error code: 10015): Unknown Webhook
2025-02-17 17:47:24,469 - INFO - 'Associate' button clicked by d33j.
2025-02-17 17:47:27,689 - ERROR - Error during associate onboarding for d33j: 404 Not Found (error code: 10015): Unknown Webhook
Traceback (most recent call last):
  File "/home/hlnbot/Documents/cogs/onboarding.py", line 288, in handle_onboarding_start
    await interaction.followup.send(
  File "/home/hlnbot/.local/lib/python3.10/site-packages/discord/webhook/async_.py", line 1843, in send
    data = await adapter.execute_webhook(
  File "/home/hlnbot/.local/lib/python3.10/site-packages/discord/webhook/async_.py", line 221, in request
    raise NotFound(response, data)
discord.errors.NotFound: 404 Not Found (error code: 10015): Unknown Webhook

During handling of the above exception, another exception occurred:

Traceback (most recent call last):
  File "/home/hlnbot/Documents/cogs/welcome.py", line 175, in _handle_onboarding
    await onboarding_cog.handle_onboarding_start(interaction, role_type.value)
  File "/home/hlnbot/Documents/cogs/onboarding.py", line 294, in handle_onboarding_start
    await interaction.followup.send(
  File "/home/hlnbot/.local/lib/python3.10/site-packages/discord/webhook/async_.py", line 1843, in send
    data = await adapter.execute_webhook(
  File "/home/hlnbot/.local/lib/python3.10/site-packages/discord/webhook/async_.py", line 221, in request
    raise NotFound(response, data)
discord.errors.NotFound: 404 Not Found (error code: 10015): Unknown Webhook
2025-02-17 17:59:05,783 - INFO - WelcomeCog has been added to the bot.
2025-02-17 18:02:59,377 - INFO - WelcomeCog has been added to the bot.
2025-02-18 09:47:12,783 - INFO - WelcomeCog has been added to the bot.
2025-02-18 09:59:02,539 - INFO - WelcomeCog has been added to the bot.
2025-02-18 10:36:53,038 - INFO - WelcomeCog has been added to the bot.
2025-02-18 10:54:51,033 - INFO - WelcomeCog has been added to the bot.
2025-02-18 13:58:08,359 - INFO - WelcomeCog has been added to the bot.
2025-02-18 14:02:57,132 - INFO - WelcomeCog has been added to the bot.
2025-02-18 14:23:55,720 - INFO - WelcomeCog has been added to the bot.
2025-02-18 15:52:22,722 - INFO - WelcomeCog has been added to the bot.
2025-02-18 15:55:03,421 - INFO - WelcomeCog has been added to the bot.
2025-02-18 16:00:35,734 - INFO - WelcomeCog has been added to the bot.
2025-02-18 16:04:10,035 - INFO - WelcomeCog has been added to the bot.
2025-02-18 16:06:15,801 - INFO - WelcomeCog has been added to the bot.
2025-02-18 16:12:23,373 - INFO - WelcomeCog has been added to the bot.
2025-02-18 16:17:22,113 - INFO - WelcomeCog has been added to the bot.
2025-02-18 16:20:39,862 - INFO - WelcomeCog has been added to the bot.
2025-02-18 16:25:02,763 - INFO - WelcomeCog has been added to the bot.
2025-02-21 06:58:31,635 - INFO - WelcomeCog has been added to the bot.
2025-02-21 07:21:23,825 - INFO - WelcomeCog has been added to the bot.
2025-02-21 14:22:53,372 - INFO - WelcomeCog has been added to the bot.
2025-02-21 14:39:37,597 - INFO - WelcomeCog has been added to the bot.
2025-02-21 14:42:28,770 - INFO - WelcomeCog has been added to the bot.
2025-02-21 14:45:54,422 - INFO - WelcomeCog has been added to the bot.
2025-02-21 14:57:00,059 - INFO - WelcomeCog has been added to the bot.
2025-02-21 15:00:19,225 - INFO - WelcomeCog has been added to the bot.
2025-02-21 15:24:39,709 - INFO - WelcomeCog has been added to the bot.
2025-02-22 16:55:49,837 - INFO - Sent welcome DM to boppstick.
2025-02-22 16:55:50,141 - INFO - Sent staff notification for new member boppstick
2025-02-22 16:57:29,327 - INFO - 'Member' button clicked by boppstick.
2025-02-22 16:57:32,662 - ERROR - Error during member onboarding for boppstick: 404 Not Found (error code: 10015): Unknown Webhook
Traceback (most recent call last):
  File "/home/hlnbot/Documents/cogs/onboarding.py", line 289, in handle_onboarding_start
    await interaction.followup.send(
  File "/home/hlnbot/.local/lib/python3.10/site-packages/discord/webhook/async_.py", line 1843, in send
    data = await adapter.execute_webhook(
  File "/home/hlnbot/.local/lib/python3.10/site-packages/discord/webhook/async_.py", line 221, in request
    raise NotFound(response, data)
discord.errors.NotFound: 404 Not Found (error code: 10015): Unknown Webhook

During handling of the above exception, another exception occurred:

Traceback (most recent call last):
  File "/home/hlnbot/Documents/cogs/welcome.py", line 175, in _handle_onboarding
    await onboarding_cog.handle_onboarding_start(interaction, role_type.value)
  File "/home/hlnbot/Documents/cogs/onboarding.py", line 295, in handle_onboarding_start
    await interaction.followup.send(
  File "/home/hlnbot/.local/lib/python3.10/site-packages/discord/webhook/async_.py", line 1843, in send
    data = await adapter.execute_webhook(
  File "/home/hlnbot/.local/lib/python3.10/site-packages/discord/webhook/async_.py", line 221, in request
    raise NotFound(response, data)
discord.errors.NotFound: 404 Not Found (error code: 10015): Unknown Webhook
2025-02-22 16:58:15,971 - INFO - 'Member' button clicked by boppstick.
2025-02-22 16:58:20,354 - ERROR - Error during member onboarding for boppstick: 404 Not Found (error code: 10015): Unknown Webhook
Traceback (most recent call last):
  File "/home/hlnbot/Documents/cogs/onboarding.py", line 289, in handle_onboarding_start
    await interaction.followup.send(
  File "/home/hlnbot/.local/lib/python3.10/site-packages/discord/webhook/async_.py", line 1843, in send
    data = await adapter.execute_webhook(
  File "/home/hlnbot/.local/lib/python3.10/site-packages/discord/webhook/async_.py", line 221, in request
    raise NotFound(response, data)
discord.errors.NotFound: 404 Not Found (error code: 10015): Unknown Webhook

During handling of the above exception, another exception occurred:

Traceback (most recent call last):
  File "/home/hlnbot/Documents/cogs/welcome.py", line 175, in _handle_onboarding
    await onboarding_cog.handle_onboarding_start(interaction, role_type.value)
  File "/home/hlnbot/Documents/cogs/onboarding.py", line 295, in handle_onboarding_start
    await interaction.followup.send(
  File "/home/hlnbot/.local/lib/python3.10/site-packages/discord/webhook/async_.py", line 1843, in send
    data = await adapter.execute_webhook(
  File "/home/hlnbot/.local/lib/python3.10/site-packages/discord/webhook/async_.py", line 221, in request
    raise NotFound(response, data)
discord.errors.NotFound: 404 Not Found (error code: 10015): Unknown Webhook
2025-02-22 16:58:31,828 - INFO - 'Member' button clicked by boppstick.
2025-02-22 16:58:35,163 - ERROR - Error during member onboarding for boppstick: 404 Not Found (error code: 10015): Unknown Webhook
Traceback (most recent call last):
  File "/home/hlnbot/Documents/cogs/onboarding.py", line 289, in handle_onboarding_start
    await interaction.followup.send(
  File "/home/hlnbot/.local/lib/python3.10/site-packages/discord/webhook/async_.py", line 1843, in send
    data = await adapter.execute_webhook(
  File "/home/hlnbot/.local/lib/python3.10/site-packages/discord/webhook/async_.py", line 221, in request
    raise NotFound(response, data)
discord.errors.NotFound: 404 Not Found (error code: 10015): Unknown Webhook

During handling of the above exception, another exception occurred:

Traceback (most recent call last):
  File "/home/hlnbot/Documents/cogs/welcome.py", line 175, in _handle_onboarding
    await onboarding_cog.handle_onboarding_start(interaction, role_type.value)
  File "/home/hlnbot/Documents/cogs/onboarding.py", line 295, in handle_onboarding_start
    await interaction.followup.send(
  File "/home/hlnbot/.local/lib/python3.10/site-packages/discord/webhook/async_.py", line 1843, in send
    data = await adapter.execute_webhook(
  File "/home/hlnbot/.local/lib/python3.10/site-packages/discord/webhook/async_.py", line 221, in request
    raise NotFound(response, data)
discord.errors.NotFound: 404 Not Found (error code: 10015): Unknown Webhook
2025-02-22 16:59:04,283 - INFO - 'Member' button clicked by boppstick.
2025-02-22 16:59:07,943 - ERROR - Error during member onboarding for boppstick: 404 Not Found (error code: 10015): Unknown Webhook
Traceback (most recent call last):
  File "/home/hlnbot/Documents/cogs/onboarding.py", line 289, in handle_onboarding_start
    await interaction.followup.send(
  File "/home/hlnbot/.local/lib/python3.10/site-packages/discord/webhook/async_.py", line 1843, in send
    data = await adapter.execute_webhook(
  File "/home/hlnbot/.local/lib/python3.10/site-packages/discord/webhook/async_.py", line 221, in request
    raise NotFound(response, data)
discord.errors.NotFound: 404 Not Found (error code: 10015): Unknown Webhook

During handling of the above exception, another exception occurred:

Traceback (most recent call last):
  File "/home/hlnbot/Documents/cogs/welcome.py", line 175, in _handle_onboarding
    await onboarding_cog.handle_onboarding_start(interaction, role_type.value)
  File "/home/hlnbot/Documents/cogs/onboarding.py", line 295, in handle_onboarding_start
    await interaction.followup.send(
  File "/home/hlnbot/.local/lib/python3.10/site-packages/discord/webhook/async_.py", line 1843, in send
    data = await adapter.execute_webhook(
  File "/home/hlnbot/.local/lib/python3.10/site-packages/discord/webhook/async_.py", line 221, in request
    raise NotFound(response, data)
discord.errors.NotFound: 404 Not Found (error code: 10015): Unknown Webhook
2025-02-22 16:59:58,778 - INFO - 'Member' button clicked by boppstick.
2025-02-22 17:00:02,239 - ERROR - Error during member onboarding for boppstick: 404 Not Found (error code: 10015): Unknown Webhook
Traceback (most recent call last):
  File "/home/hlnbot/Documents/cogs/onboarding.py", line 289, in handle_onboarding_start
    await interaction.followup.send(
  File "/home/hlnbot/.local/lib/python3.10/site-packages/discord/webhook/async_.py", line 1843, in send
    data = await adapter.execute_webhook(
  File "/home/hlnbot/.local/lib/python3.10/site-packages/discord/webhook/async_.py", line 221, in request
    raise NotFound(response, data)
discord.errors.NotFound: 404 Not Found (error code: 10015): Unknown Webhook

During handling of the above exception, another exception occurred:

Traceback (most recent call last):
  File "/home/hlnbot/Documents/cogs/welcome.py", line 175, in _handle_onboarding
    await onboarding_cog.handle_onboarding_start(interaction, role_type.value)
  File "/home/hlnbot/Documents/cogs/onboarding.py", line 295, in handle_onboarding_start
    await interaction.followup.send(
  File "/home/hlnbot/.local/lib/python3.10/site-packages/discord/webhook/async_.py", line 1843, in send
    data = await adapter.execute_webhook(
  File "/home/hlnbot/.local/lib/python3.10/site-packages/discord/webhook/async_.py", line 221, in request
    raise NotFound(response, data)
discord.errors.NotFound: 404 Not Found (error code: 10015): Unknown Webhook
2025-02-22 17:04:02,084 - INFO - 'Member' button clicked by boppstick.
2025-02-22 17:04:05,444 - ERROR - Error during member onboarding for boppstick: 404 Not Found (error code: 10015): Unknown Webhook
Traceback (most recent call last):
  File "/home/hlnbot/Documents/cogs/onboarding.py", line 289, in handle_onboarding_start
    await interaction.followup.send(
  File "/home/hlnbot/.local/lib/python3.10/site-packages/discord/webhook/async_.py", line 1843, in send
    data = await adapter.execute_webhook(
  File "/home/hlnbot/.local/lib/python3.10/site-packages/discord/webhook/async_.py", line 221, in request
    raise NotFound(response, data)
discord.errors.NotFound: 404 Not Found (error code: 10015): Unknown Webhook

During handling of the above exception, another exception occurred:

Traceback (most recent call last):
  File "/home/hlnbot/Documents/cogs/welcome.py", line 175, in _handle_onboarding
    await onboarding_cog.handle_onboarding_start(interaction, role_type.value)
  File "/home/hlnbot/Documents/cogs/onboarding.py", line 295, in handle_onboarding_start
    await interaction.followup.send(
  File "/home/hlnbot/.local/lib/python3.10/site-packages/discord/webhook/async_.py", line 1843, in send
    data = await adapter.execute_webhook(
  File "/home/hlnbot/.local/lib/python3.10/site-packages/discord/webhook/async_.py", line 221, in request
    raise NotFound(response, data)
discord.errors.NotFound: 404 Not Found (error code: 10015): Unknown Webhook
2025-02-22 17:14:30,819 - INFO - 'Member' button clicked by boppstick.
2025-02-22 17:14:34,182 - ERROR - Error during member onboarding for boppstick: 404 Not Found (error code: 10015): Unknown Webhook
Traceback (most recent call last):
  File "/home/hlnbot/Documents/cogs/onboarding.py", line 289, in handle_onboarding_start
    await interaction.followup.send(
  File "/home/hlnbot/.local/lib/python3.10/site-packages/discord/webhook/async_.py", line 1843, in send
    data = await adapter.execute_webhook(
  File "/home/hlnbot/.local/lib/python3.10/site-packages/discord/webhook/async_.py", line 221, in request
    raise NotFound(response, data)
discord.errors.NotFound: 404 Not Found (error code: 10015): Unknown Webhook

During handling of the above exception, another exception occurred:

Traceback (most recent call last):
  File "/home/hlnbot/Documents/cogs/welcome.py", line 175, in _handle_onboarding
    await onboarding_cog.handle_onboarding_start(interaction, role_type.value)
  File "/home/hlnbot/Documents/cogs/onboarding.py", line 295, in handle_onboarding_start
    await interaction.followup.send(
  File "/home/hlnbot/.local/lib/python3.10/site-packages/discord/webhook/async_.py", line 1843, in send
    data = await adapter.execute_webhook(
  File "/home/hlnbot/.local/lib/python3.10/site-packages/discord/webhook/async_.py", line 221, in request
    raise NotFound(response, data)
discord.errors.NotFound: 404 Not Found (error code: 10015): Unknown Webhook
2025-02-24 16:53:13,552 - INFO - Sent welcome DM to amanda.oxide.
2025-02-24 16:53:13,770 - INFO - Sent staff notification for new member amanda.oxide
2025-02-24 16:54:57,743 - INFO - 'Member' button clicked by amanda.oxide.
2025-02-24 16:55:01,096 - ERROR - Error during member onboarding for amanda.oxide: 404 Not Found (error code: 10015): Unknown Webhook
Traceback (most recent call last):
  File "/home/hlnbot/Documents/cogs/onboarding.py", line 289, in handle_onboarding_start
    await interaction.followup.send(
  File "/home/hlnbot/.local/lib/python3.10/site-packages/discord/webhook/async_.py", line 1843, in send
    data = await adapter.execute_webhook(
  File "/home/hlnbot/.local/lib/python3.10/site-packages/discord/webhook/async_.py", line 221, in request
    raise NotFound(response, data)
discord.errors.NotFound: 404 Not Found (error code: 10015): Unknown Webhook

During handling of the above exception, another exception occurred:

Traceback (most recent call last):
  File "/home/hlnbot/Documents/cogs/welcome.py", line 175, in _handle_onboarding
    await onboarding_cog.handle_onboarding_start(interaction, role_type.value)
  File "/home/hlnbot/Documents/cogs/onboarding.py", line 295, in handle_onboarding_start
    await interaction.followup.send(
  File "/home/hlnbot/.local/lib/python3.10/site-packages/discord/webhook/async_.py", line 1843, in send
    data = await adapter.execute_webhook(
  File "/home/hlnbot/.local/lib/python3.10/site-packages/discord/webhook/async_.py", line 221, in request
    raise NotFound(response, data)
discord.errors.NotFound: 404 Not Found (error code: 10015): Unknown Webhook
2025-02-25 09:26:50,310 - INFO - WelcomeCog has been added to the bot.
2025-02-25 09:28:38,824 - INFO - WelcomeCog has been added to the bot.
2025-02-25 09:29:13,720 - INFO - WelcomeCog has been added to the bot.
2025-02-25 09:36:09,023 - INFO - WelcomeCog has been added to the bot.
2025-02-25 09:38:26,374 - INFO - WelcomeCog has been added to the bot.
2025-02-25 09:44:59,121 - INFO - WelcomeCog has been added to the bot.
2025-02-25 09:59:06,426 - INFO - WelcomeCog has been added to the bot.
2025-02-25 10:02:17,375 - INFO - WelcomeCog has been added to the bot.
2025-02-25 10:04:42,054 - INFO - WelcomeCog has been added to the bot.
2025-02-25 10:18:14,104 - INFO - WelcomeCog has been added to the bot.
2025-02-25 10:25:02,385 - INFO - WelcomeCog has been added to the bot.
2025-02-25 10:26:11,702 - INFO - WelcomeCog has been added to the bot.
2025-02-25 10:31:49,419 - INFO - WelcomeCog has been added to the bot.
2025-02-25 10:32:11,547 - INFO - WelcomeCog has been added to the bot.
2025-02-25 10:35:03,007 - INFO - WelcomeCog has been added to the bot.
2025-02-25 12:43:37,737 - INFO - WelcomeCog has been added to the bot.
2025-02-25 13:10:45,870 - INFO - WelcomeCog has been added to the bot.
2025-02-25 13:12:45,546 - INFO - WelcomeCog has been added to the bot.
2025-02-25 13:36:48,107 - INFO - Sent welcome DM to ariedekanarie.
2025-02-25 13:36:48,382 - INFO - Sent staff notification for new member ariedekanarie
2025-02-25 13:38:41,374 - INFO - 'Member' button clicked by ariedekanarie.
2025-02-25 13:38:41,375 - ERROR - OnboardingCog not found. Please ensure it is loaded before new members join.
2025-02-25 13:52:00,019 - INFO - WelcomeCog has been added to the bot.
2025-02-25 13:57:48,347 - INFO - WelcomeCog has been added to the bot.
2025-02-25 14:01:46,101 - INFO - WelcomeCog has been added to the bot.
2025-02-25 14:14:30,958 - INFO - WelcomeCog has been added to the bot.
2025-02-25 14:16:05,313 - INFO - WelcomeCog has been added to the bot.
2025-02-25 14:20:16,471 - INFO - WelcomeCog has been added to the bot.
2025-02-25 14:25:59,710 - INFO - WelcomeCog has been added to the bot.
2025-02-25 15:04:01,251 - INFO - WelcomeCog has been added to the bot.
2025-02-25 15:06:14,723 - INFO - WelcomeCog has been added to the bot.
2025-02-25 15:21:31,435 - INFO - WelcomeCog has been added to the bot.
2025-02-25 15:24:35,049 - INFO - WelcomeCog has been added to the bot.
2025-02-25 15:33:46,235 - INFO - WelcomeCog has been added to the bot.
2025-02-25 15:36:43,997 - INFO - WelcomeCog has been added to the bot.
2025-02-25 15:37:50,156 - INFO - WelcomeCog has been added to the bot.
2025-02-25 15:42:28,675 - INFO - WelcomeCog has been added to the bot.
2025-02-25 15:43:11,070 - INFO - WelcomeCog has been added to the bot.
2025-02-25 15:45:59,728 - INFO - WelcomeCog has been added to the bot.
2025-02-25 15:48:42,335 - INFO - WelcomeCog has been added to the bot.
2025-02-25 15:50:27,435 - INFO - WelcomeCog has been added to the bot.
2025-02-25 16:13:02,667 - INFO - WelcomeCog has been added to the bot.
2025-02-25 16:22:47,056 - INFO - WelcomeCog has been added to the bot.
2025-02-25 16:23:31,170 - INFO - WelcomeCog has been added to the bot.
2025-02-25 17:47:47,610 - INFO - WelcomeCog has been added to the bot.
2025-02-25 18:31:20,344 - INFO - WelcomeCog has been added to the bot.
2025-02-25 18:58:22,029 - INFO - WelcomeCog has been added to the bot.
2025-02-25 20:29:39,806 - INFO - WelcomeCog has been added to the bot.
2025-02-25 20:37:55,197 - INFO - WelcomeCog has been added to the bot.
2025-02-25 20:42:02,877 - INFO - WelcomeCog has been added to the bot.
2025-02-26 08:04:15,101 - INFO - WelcomeCog has been added to the bot.
2025-02-26 08:37:57,305 - INFO - WelcomeCog has been added to the bot.
2025-02-27 08:11:12,967 - INFO - WelcomeCog has been added to the bot.
2025-02-27 08:13:40,774 - INFO - WelcomeCog has been added to the bot.
2025-02-27 11:41:10,127 - INFO - WelcomeCog has been added to the bot.
2025-02-27 11:56:41,955 - INFO - WelcomeCog has been added to the bot.
2025-02-27 11:56:55,205 - INFO - WelcomeCog has been added to the bot.
2025-02-27 13:34:32,715 - INFO - WelcomeCog has been added to the bot.
2025-02-27 14:52:01,251 - INFO - WelcomeCog has been added to the bot.
2025-02-28 08:37:49,491 - INFO - WelcomeCog has been added to the bot.
2025-02-28 09:32:29,010 - INFO - WelcomeCog has been added to the bot.
2025-02-28 09:35:59,608 - INFO - WelcomeCog has been added to the bot.
2025-02-28 11:22:16,552 - INFO - WelcomeCog has been added to the bot.
2025-02-28 11:34:28,315 - INFO - WelcomeCog has been added to the bot.
2025-02-28 14:30:38,867 - INFO - WelcomeCog has been added to the bot.
2025-02-28 14:34:05,003 - INFO - WelcomeCog has been added to the bot.
2025-03-01 08:46:29,088 - INFO - WelcomeCog has been added to the bot.
2025-03-01 11:00:25,192 - INFO - WelcomeCog has been added to the bot.
2025-03-01 11:12:59,080 - INFO - WelcomeCog has been added to the bot.
2025-03-01 12:08:54,653 - INFO - WelcomeCog has been added to the bot.
2025-03-01 12:53:47,184 - INFO - WelcomeCog has been added to the bot.
2025-03-01 15:44:56,910 - INFO - WelcomeCog has been added to the bot.
2025-03-02 14:53:20,301 - INFO - WelcomeCog has been added to the bot.
2025-03-03 11:04:39,056 - INFO - WelcomeCog has been added to the bot.
2025-03-03 11:34:10,323 - INFO - WelcomeCog has been added to the bot.
2025-03-03 12:06:21,954 - INFO - WelcomeCog has been added to the bot.
2025-03-03 20:45:25,942 - INFO - WelcomeCog has been added to the bot.
2025-03-03 21:22:35,842 - INFO - WelcomeCog has been added to the bot.
2025-03-03 21:29:29,128 - INFO - WelcomeCog has been added to the bot.
